#
# There is insufficient memory for the Java Runtime Environment to continue.
# Native memory allocation (mmap) failed to map 1572864 bytes for G1 virtual space
# Possible reasons:
#   The system is out of physical RAM or swap space
#   The process is running with CompressedOops enabled, and the Java Heap may be blocking the growth of the native heap
# Possible solutions:
#   Reduce memory load on the system
#   Increase physical memory or swap space
#   Check if swap backing store is full
#   Decrease Java heap size (-Xmx/-Xms)
#   Decrease number of Java threads
#   Decrease Java thread stack sizes (-Xss)
#   Set larger code cache with -XX:ReservedCodeCacheSize=
#   JVM is running with Zero Based Compressed Oops mode in which the Java heap is
#     placed in the first 32GB address space. The Java Heap base address is the
#     maximum limit for the native heap growth. Please use -XX:HeapBaseMinAddress
#     to set the Java Heap base and to place the Java Heap above 32GB virtual address.
# This output file may be truncated or incomplete.
#
#  Out of Memory Error (os_windows.cpp:3552), pid=32220, tid=15080
#
# JRE version: Java(TM) SE Runtime Environment (17.0.9+11) (build 17.0.9+11-LTS-201)
# Java VM: Java HotSpot(TM) 64-Bit Server VM (17.0.9+11-LTS-201, mixed mode, emulated-client, sharing, tiered, compressed oops, compressed class ptrs, g1 gc, windows-amd64)
# No core dump will be written. Minidumps are not enabled by default on client versions of Windows
#

---------------  S U M M A R Y ------------

Command Line: -XX:TieredStopAtLevel=1 -Dspring.output.ansi.enabled=always -Dcom.sun.management.jmxremote -Dspring.jmx.enabled=true -Dspring.liveBeansView.mbeanDomain -Dspring.application.admin.enabled=true -Dmanagement.endpoints.jmx.exposure.include=* -javaagent:C:\Program Files\JetBrains\IntelliJ IDEA 2023.3.2\lib\idea_rt.jar=56119:C:\Program Files\JetBrains\IntelliJ IDEA 2023.3.2\bin -Dfile.encoding=UTF-8 com.team3.project.ProjectApplication

Host: AMD Ryzen 7 6800H with Radeon Graphics         , 16 cores, 15G,  Windows 11 , 64 bit Build 22621 (10.0.22621.3085)
Time: Fri Feb  9 19:40:55 2024 Mitteleuropäische Zeit elapsed time: 1.652323 seconds (0d 0h 0m 1s)

---------------  T H R E A D  ---------------

Current thread (0x0000022e9845c6f0):  VMThread "VM Thread" [stack: 0x000000b3edf00000,0x000000b3ee000000] [id=15080]

Stack: [0x000000b3edf00000,0x000000b3ee000000]
Native frames: (J=compiled Java code, j=interpreted, Vv=VM code, C=native code)
V  [jvm.dll+0x678a4a]
V  [jvm.dll+0x7d9cfd]
V  [jvm.dll+0x7db60e]
V  [jvm.dll+0x7dbc73]
V  [jvm.dll+0x245e1f]
V  [jvm.dll+0x6758f9]
V  [jvm.dll+0x66a2a2]
V  [jvm.dll+0x303686]
V  [jvm.dll+0x30ac06]
V  [jvm.dll+0x35a4b8]
V  [jvm.dll+0x35a6bf]
V  [jvm.dll+0x2da678]
V  [jvm.dll+0x2d8a85]
V  [jvm.dll+0x2d808c]
V  [jvm.dll+0x31b97b]
V  [jvm.dll+0x7e048b]
V  [jvm.dll+0x7e11c4]
V  [jvm.dll+0x7e16dd]
V  [jvm.dll+0x7e1ab4]
V  [jvm.dll+0x7e1b80]
V  [jvm.dll+0x78998a]
V  [jvm.dll+0x677875]
C  [ucrtbase.dll+0x29363]
C  [KERNEL32.DLL+0x1257d]
C  [ntdll.dll+0x5aa58]

VM_Operation (0x000000b3ed9fc810): G1CollectForAllocation, mode: safepoint, requested by thread 0x0000022e8144d280


---------------  P R O C E S S  ---------------

Threads class SMR info:
_java_thread_list=0x0000022edeeda800, length=23, elements={
0x0000022e8144d280, 0x0000022e984621b0, 0x0000022e98462e30, 0x0000022e985ba5d0,
0x0000022e985baea0, 0x0000022e985bb860, 0x0000022e985bc220, 0x0000022e985c1bc0,
0x0000022e985cddf0, 0x0000022e9862dbc0, 0x0000022e9844f030, 0x0000022e9844f550,
0x0000022e9844fb20, 0x0000022ede0a11a0, 0x0000022ede0a1680, 0x0000022ede1c1210,
0x0000022ede889d10, 0x0000022ede88a230, 0x0000022edec03a00, 0x0000022edebd8330,
0x0000022edee68320, 0x0000022edee67900, 0x0000022edee65aa0
}

Java Threads: ( => current thread )
  0x0000022e8144d280 JavaThread "main" [_thread_blocked, id=40884, stack(0x000000b3ed900000,0x000000b3eda00000)]
  0x0000022e984621b0 JavaThread "Reference Handler" daemon [_thread_blocked, id=42720, stack(0x000000b3ee000000,0x000000b3ee100000)]
  0x0000022e98462e30 JavaThread "Finalizer" daemon [_thread_blocked, id=43244, stack(0x000000b3ee100000,0x000000b3ee200000)]
  0x0000022e985ba5d0 JavaThread "Signal Dispatcher" daemon [_thread_blocked, id=35328, stack(0x000000b3ee200000,0x000000b3ee300000)]
  0x0000022e985baea0 JavaThread "Attach Listener" daemon [_thread_blocked, id=17296, stack(0x000000b3ee300000,0x000000b3ee400000)]
  0x0000022e985bb860 JavaThread "Service Thread" daemon [_thread_blocked, id=37972, stack(0x000000b3ee400000,0x000000b3ee500000)]
  0x0000022e985bc220 JavaThread "Monitor Deflation Thread" daemon [_thread_blocked, id=45028, stack(0x000000b3ee500000,0x000000b3ee600000)]
  0x0000022e985c1bc0 JavaThread "C1 CompilerThread0" daemon [_thread_blocked, id=41980, stack(0x000000b3ee600000,0x000000b3ee700000)]
  0x0000022e985cddf0 JavaThread "Sweeper thread" daemon [_thread_blocked, id=36532, stack(0x000000b3ee700000,0x000000b3ee800000)]
  0x0000022e9862dbc0 JavaThread "Common-Cleaner" daemon [_thread_blocked, id=44028, stack(0x000000b3ee800000,0x000000b3ee900000)]
  0x0000022e9844f030 JavaThread "C1 CompilerThread1" daemon [_thread_blocked, id=42452, stack(0x000000b3ee900000,0x000000b3eea00000)]
  0x0000022e9844f550 JavaThread "C1 CompilerThread2" daemon [_thread_blocked, id=11844, stack(0x000000b3eea00000,0x000000b3eeb00000)]
  0x0000022e9844fb20 JavaThread "C1 CompilerThread3" daemon [_thread_blocked, id=38552, stack(0x000000b3eeb00000,0x000000b3eec00000)]
  0x0000022ede0a11a0 JavaThread "Monitor Ctrl-Break" daemon [_thread_in_native, id=40916, stack(0x000000b3eec00000,0x000000b3eed00000)]
  0x0000022ede0a1680 JavaThread "Notification Thread" daemon [_thread_blocked, id=44772, stack(0x000000b3eed00000,0x000000b3eee00000)]
  0x0000022ede1c1210 JavaThread "RMI TCP Accept-0" daemon [_thread_in_native, id=43964, stack(0x000000b3eee00000,0x000000b3eef00000)]
  0x0000022ede889d10 JavaThread "C1 CompilerThread4" daemon [_thread_blocked, id=7920, stack(0x000000b3efa00000,0x000000b3efb00000)]
  0x0000022ede88a230 JavaThread "C1 CompilerThread5" daemon [_thread_blocked, id=39356, stack(0x000000b3efb00000,0x000000b3efc00000)]
  0x0000022edec03a00 JavaThread "RMI TCP Connection(1)-139.30.189.224" daemon [_thread_in_native, id=44124, stack(0x000000b3ef600000,0x000000b3ef700000)]
  0x0000022edebd8330 JavaThread "RMI Scheduler(0)" daemon [_thread_blocked, id=43280, stack(0x000000b3efc00000,0x000000b3efd00000)]
  0x0000022edee68320 JavaThread "Catalina-utility-1" [_thread_blocked, id=34588, stack(0x000000b3f0200000,0x000000b3f0300000)]
  0x0000022edee67900 JavaThread "Catalina-utility-2" [_thread_blocked, id=44068, stack(0x000000b3f0300000,0x000000b3f0400000)]
  0x0000022edee65aa0 JavaThread "container-0" [_thread_blocked, id=19852, stack(0x000000b3f0400000,0x000000b3f0500000)]

Other Threads:
=>0x0000022e9845c6f0 VMThread "VM Thread" [stack: 0x000000b3edf00000,0x000000b3ee000000] [id=15080]
  0x0000022ede1c2830 WatcherThread [stack: 0x000000b3eef00000,0x000000b3ef000000] [id=16492]
  0x0000022e814b7d00 GCTaskThread "GC Thread#0" [stack: 0x000000b3eda00000,0x000000b3edb00000] [id=41244]
  0x0000022ede541670 GCTaskThread "GC Thread#1" [stack: 0x000000b3ef000000,0x000000b3ef100000] [id=24280]
  0x0000022ede541930 GCTaskThread "GC Thread#2" [stack: 0x000000b3ef100000,0x000000b3ef200000] [id=8988]
  0x0000022ede541bf0 GCTaskThread "GC Thread#3" [stack: 0x000000b3ef200000,0x000000b3ef300000] [id=7228]
  0x0000022ede55e020 GCTaskThread "GC Thread#4" [stack: 0x000000b3ef300000,0x000000b3ef400000] [id=7768]
  0x0000022ede5bd8f0 GCTaskThread "GC Thread#5" [stack: 0x000000b3ef400000,0x000000b3ef500000] [id=25744]
  0x0000022ede5bdbb0 GCTaskThread "GC Thread#6" [stack: 0x000000b3ef500000,0x000000b3ef600000] [id=43396]
  0x0000022ede876010 GCTaskThread "GC Thread#7" [stack: 0x000000b3ef700000,0x000000b3ef800000] [id=42516]
  0x0000022ede8762d0 GCTaskThread "GC Thread#8" [stack: 0x000000b3ef800000,0x000000b3ef900000] [id=44796]
  0x0000022ede7fd770 GCTaskThread "GC Thread#9" [stack: 0x000000b3ef900000,0x000000b3efa00000] [id=44720]
  0x0000022edec62dc0 GCTaskThread "GC Thread#10" [stack: 0x000000b3efd00000,0x000000b3efe00000] [id=44108]
  0x0000022edec898b0 GCTaskThread "GC Thread#11" [stack: 0x000000b3efe00000,0x000000b3eff00000] [id=42860]
  0x0000022edec89b70 GCTaskThread "GC Thread#12" [stack: 0x000000b3eff00000,0x000000b3f0000000] [id=42856]
  0x0000022e814c7f90 ConcurrentGCThread "G1 Main Marker" [stack: 0x000000b3edb00000,0x000000b3edc00000] [id=42768]
  0x0000022e814ca050 ConcurrentGCThread "G1 Conc#0" [stack: 0x000000b3edc00000,0x000000b3edd00000] [id=13364]
  0x0000022edec8be40 ConcurrentGCThread "G1 Conc#1" [stack: 0x000000b3f0000000,0x000000b3f0100000] [id=37428]
  0x0000022edec617e0 ConcurrentGCThread "G1 Conc#2" [stack: 0x000000b3f0100000,0x000000b3f0200000] [id=42392]
  0x0000022e983181d0 ConcurrentGCThread "G1 Refine#0" [stack: 0x000000b3edd00000,0x000000b3ede00000] [id=45000]
  0x0000022e98318a10 ConcurrentGCThread "G1 Service" [stack: 0x000000b3ede00000,0x000000b3edf00000] [id=42180]

Threads with active compile tasks:

VM state: at safepoint (normal execution)

VM Mutex/Monitor currently owned by a thread:  ([mutex/lock_event])
[0x0000022e81448840] Threads_lock - owner thread: 0x0000022e9845c6f0
[0x0000022e81448720] Heap_lock - owner thread: 0x0000022e8144d280

Heap address: 0x000000070bc00000, size: 3908 MB, Compressed Oops mode: Zero based, Oop shift amount: 3

CDS archive(s) mapped at: [0x0000022e99000000-0x0000022e99bd0000-0x0000022e99bd0000), size 12386304, SharedBaseAddress: 0x0000022e99000000, ArchiveRelocationMode: 1.
Compressed class space mapped at: 0x0000022e9a000000-0x0000022eda000000, reserved size: 1073741824
Narrow klass base: 0x0000022e99000000, Narrow klass shift: 0, Narrow klass range: 0x100000000

GC Precious Log:
 CPUs: 16 total, 16 available
 Memory: 15628M
 Large Page Support: Disabled
 NUMA Support: Disabled
 Compressed Oops: Enabled (Zero based)
 Heap Region Size: 2M
 Heap Min Capacity: 8M
 Heap Initial Capacity: 246M
 Heap Max Capacity: 3908M
 Pre-touch: Disabled
 Parallel Workers: 13
 Concurrent Workers: 3
 Concurrent Refinement Workers: 13
 Periodic GC: Disabled

Heap:
 garbage-first heap   total 55296K, used 17476K [0x000000070bc00000, 0x0000000800000000)
  region size 2048K, 2 young (4096K), 2 survivors (4096K)
 Metaspace       used 28682K, committed 29184K, reserved 1114112K
  class space    used 3909K, committed 4160K, reserved 1048576K

Heap Regions: E=young(eden), S=young(survivor), O=old, HS=humongous(starts), HC=humongous(continues), CS=collection set, F=free, OA=open archive, CA=closed archive, TAMS=top-at-mark-start (previous, next)
|   0|0x000000070bc00000, 0x000000070be00000, 0x000000070be00000|100%| O|  |TAMS 0x000000070be00000, 0x000000070bc00000| Untracked 
|   1|0x000000070be00000, 0x000000070c000000, 0x000000070c000000|100%| O|  |TAMS 0x000000070c000000, 0x000000070be00000| Untracked 
|   2|0x000000070c000000, 0x000000070c200000, 0x000000070c200000|100%| O|  |TAMS 0x000000070c200000, 0x000000070c000000| Untracked 
|   3|0x000000070c200000, 0x000000070c200000, 0x000000070c400000|  0%| F|  |TAMS 0x000000070c200000, 0x000000070c200000| Untracked 
|   4|0x000000070c400000, 0x000000070c600000, 0x000000070c600000|100%| O|  |TAMS 0x000000070c400000, 0x000000070c400000| Untracked 
|   5|0x000000070c600000, 0x000000070c800000, 0x000000070c800000|100%| O|  |TAMS 0x000000070c600000, 0x000000070c600000| Untracked 
|   6|0x000000070c800000, 0x000000070ca00000, 0x000000070ca00000|100%| O|  |TAMS 0x000000070c800000, 0x000000070c800000| Untracked 
|   7|0x000000070ca00000, 0x000000070cc00000, 0x000000070cc00000|100%| O|  |TAMS 0x000000070ca00000, 0x000000070ca00000| Untracked 
|   8|0x000000070cc00000, 0x000000070cc00000, 0x000000070ce00000|  0%| F|  |TAMS 0x000000070cc00000, 0x000000070cc00000| Untracked 
|   9|0x000000070ce00000, 0x000000070ce00000, 0x000000070d000000|  0%| F|  |TAMS 0x000000070ce00000, 0x000000070ce00000| Untracked 
|  10|0x000000070d000000, 0x000000070d0c1e00, 0x000000070d200000| 37%| O|  |TAMS 0x000000070d000000, 0x000000070d000000| Untracked 
|  11|0x000000070d200000, 0x000000070d200000, 0x000000070d400000|  0%| F|  |TAMS 0x000000070d200000, 0x000000070d200000| Untracked 
|  12|0x000000070d400000, 0x000000070d400000, 0x000000070d600000|  0%| F|  |TAMS 0x000000070d400000, 0x000000070d400000| Untracked 
|  13|0x000000070d600000, 0x000000070d600000, 0x000000070d800000|  0%| F|  |TAMS 0x000000070d600000, 0x000000070d600000| Untracked 
|  14|0x000000070d800000, 0x000000070d800000, 0x000000070da00000|  0%| F|  |TAMS 0x000000070d800000, 0x000000070d800000| Untracked 
|  15|0x000000070da00000, 0x000000070da4f438, 0x000000070dc00000| 15%| S|CS|TAMS 0x000000070da00000, 0x000000070da00000| Complete 
|  16|0x000000070dc00000, 0x000000070de00000, 0x000000070de00000|100%| S|CS|TAMS 0x000000070dc00000, 0x000000070dc00000| Complete 
|  17|0x000000070de00000, 0x000000070de00000, 0x000000070e000000|  0%| F|  |TAMS 0x000000070de00000, 0x000000070de00000| Untracked 
|  18|0x000000070e000000, 0x000000070e000000, 0x000000070e200000|  0%| F|  |TAMS 0x000000070e000000, 0x000000070e000000| Untracked 
|  19|0x000000070e200000, 0x000000070e200000, 0x000000070e400000|  0%| F|  |TAMS 0x000000070e200000, 0x000000070e200000| Untracked 
|  20|0x000000070e400000, 0x000000070e400000, 0x000000070e600000|  0%| F|  |TAMS 0x000000070e400000, 0x000000070e400000| Untracked 
|  21|0x000000070e600000, 0x000000070e600000, 0x000000070e800000|  0%| F|  |TAMS 0x000000070e600000, 0x000000070e600000| Untracked 
|  22|0x000000070e800000, 0x000000070e800000, 0x000000070ea00000|  0%| F|  |TAMS 0x000000070e800000, 0x000000070e800000| Untracked 
|  91|0x0000000717200000, 0x0000000717200000, 0x0000000717400000|  0%| F|  |TAMS 0x0000000717200000, 0x0000000717200000| Untracked 
|  92|0x0000000717400000, 0x0000000717400000, 0x0000000717600000|  0%| F|  |TAMS 0x0000000717400000, 0x0000000717400000| Untracked 
|  93|0x0000000717600000, 0x0000000717600000, 0x0000000717800000|  0%| F|  |TAMS 0x0000000717600000, 0x0000000717600000| Untracked 
| 122|0x000000071b000000, 0x000000071b000000, 0x000000071b200000|  0%| F|  |TAMS 0x000000071b000000, 0x000000071b000000| Untracked 

Card table byte_map: [0x0000022e8cb00000,0x0000022e8d2b0000] _byte_map_base: 0x0000022e892a2000

Marking Bits (Prev, Next): (CMBitMap*) 0x0000022e814b8260, (CMBitMap*) 0x0000022e814b8220
 Prev Bits: [0x0000022e91770000, 0x0000022e95480000)
 Next Bits: [0x0000022e8da60000, 0x0000022e91770000)

Polling page: 0x0000022eff1a0000

Metaspace:

Usage:
  Non-class:     24.19 MB used.
      Class:      3.82 MB used.
       Both:     28.01 MB used.

Virtual space:
  Non-class space:       64.00 MB reserved,      24.44 MB ( 38%) committed,  1 nodes.
      Class space:        1.00 GB reserved,       4.06 MB ( <1%) committed,  1 nodes.
             Both:        1.06 GB reserved,      28.50 MB (  3%) committed. 

Chunk freelists:
   Non-Class:  6.81 MB
       Class:  11.97 MB
        Both:  18.78 MB

MaxMetaspaceSize: unlimited
CompressedClassSpaceSize: 1.00 GB
Initial GC threshold: 21.00 MB
Current GC threshold: 35.25 MB
CDS: on
MetaspaceReclaimPolicy: balanced
 - commit_granule_bytes: 65536.
 - commit_granule_words: 8192.
 - virtual_space_node_default_size: 8388608.
 - enlarge_chunks_in_place: 1.
 - new_chunks_are_fully_committed: 0.
 - uncommit_free_chunks: 1.
 - use_allocation_guard: 0.
 - handle_deallocations: 1.


Internal statistics:

num_allocs_failed_limit: 3.
num_arena_births: 616.
num_arena_deaths: 0.
num_vsnodes_births: 2.
num_vsnodes_deaths: 0.
num_space_committed: 456.
num_space_uncommitted: 0.
num_chunks_returned_to_freelist: 3.
num_chunks_taken_from_freelist: 1658.
num_chunk_merges: 0.
num_chunk_splits: 1105.
num_chunks_enlarged: 783.
num_inconsistent_stats: 0.

CodeCache: size=49152Kb used=9680Kb max_used=9680Kb free=39472Kb
 bounds [0x0000022e88ce0000, 0x0000022e89660000, 0x0000022e8bce0000]
 total_blobs=4169 nmethods=3638 adapters=453
 compilation: enabled
              stopped_count=0, restarted_count=0
 full_count=0

Compilation events (20 events):
Event: 1.646 Thread 0x0000022e9844f550 3630       1       org.springframework.context.annotation.CommonAnnotationBeanPostProcessor::postProcessAfterInstantiation (2 bytes)
Event: 1.646 Thread 0x0000022e9844f550 nmethod 3630 0x0000022e89650f10 code [0x0000022e896510a0, 0x0000022e89651178]
Event: 1.647 Thread 0x0000022e9844f550 3631       1       org.springframework.beans.factory.config.BeanPostProcessor::postProcessBeforeInitialization (2 bytes)
Event: 1.647 Thread 0x0000022ede88a230 3632       1       org.springframework.aop.framework.autoproxy.AbstractAutoProxyCreator::getCacheKey (29 bytes)
Event: 1.647 Thread 0x0000022e985c1bc0 3633       1       org.springframework.aop.framework.autoproxy.AbstractAutoProxyCreator::isInfrastructureClass (78 bytes)
Event: 1.647 Thread 0x0000022ede889d10 3634       1       org.springframework.aop.framework.autoproxy.AbstractAutoProxyCreator::shouldSkip (6 bytes)
Event: 1.647 Thread 0x0000022e9844fb20 3635       1       org.springframework.aop.framework.autoproxy.AutoProxyUtils::isOriginalInstance (55 bytes)
Event: 1.647 Thread 0x0000022e9844f030 3636       1       org.springframework.aop.framework.autoproxy.ProxyCreationContext::setCurrentProxiedBeanName (21 bytes)
Event: 1.647 Thread 0x0000022e9844f550 nmethod 3631 0x0000022e89651210 code [0x0000022e896513a0, 0x0000022e89651478]
Event: 1.647 Thread 0x0000022e9844f550 3637       1       org.springframework.beans.factory.annotation.InitDestroyAnnotationBeanPostProcessor$1::hasDestroyMethods (2 bytes)
Event: 1.647 Thread 0x0000022ede889d10 nmethod 3634 0x0000022e89651510 code [0x0000022e896516a0, 0x0000022e89651788]
Event: 1.647 Thread 0x0000022ede889d10 3638       1       org.springframework.beans.factory.InjectionPoint::getAnnotations (39 bytes)
Event: 1.647 Thread 0x0000022e9844f550 nmethod 3637 0x0000022e89651d10 code [0x0000022e89651ea0, 0x0000022e89651f78]
Event: 1.647 Thread 0x0000022ede88a230 nmethod 3632 0x0000022e89651810 code [0x0000022e896519c0, 0x0000022e89651bb8]
Event: 1.647 Thread 0x0000022e985c1bc0 nmethod 3633 0x0000022e89652010 code [0x0000022e89652200, 0x0000022e896524b8]
Event: 1.647 Thread 0x0000022e9844f030 nmethod 3636 0x0000022e89652690 code [0x0000022e89652860, 0x0000022e89652b08]
Event: 1.647 Thread 0x0000022e9844fb20 nmethod 3635 0x0000022e89652d10 code [0x0000022e89652ee0, 0x0000022e89653198]
Event: 1.647 Thread 0x0000022ede889d10 nmethod 3638 0x0000022e89653410 code [0x0000022e89653600, 0x0000022e89653948]
Event: 1.648 Thread 0x0000022ede88a230 3639   !   1       jdk.proxy2.$Proxy51::annotationType (29 bytes)
Event: 1.648 Thread 0x0000022ede88a230 nmethod 3639 0x0000022e89653b10 code [0x0000022e89653cc0, 0x0000022e89653ed8]

GC Heap History (11 events):
Event: 0.465 GC heap before
{Heap before GC invocations=0 (full 0):
 garbage-first heap   total 251904K, used 22528K [0x000000070bc00000, 0x0000000800000000)
  region size 2048K, 11 young (22528K), 0 survivors (0K)
 Metaspace       used 7421K, committed 7680K, reserved 1114112K
  class space    used 950K, committed 1088K, reserved 1048576K
}
Event: 0.468 GC heap after
{Heap after GC invocations=1 (full 0):
 garbage-first heap   total 251904K, used 7135K [0x000000070bc00000, 0x0000000800000000)
  region size 2048K, 2 young (4096K), 2 survivors (4096K)
 Metaspace       used 7421K, committed 7680K, reserved 1114112K
  class space    used 950K, committed 1088K, reserved 1048576K
}
Event: 0.699 GC heap before
{Heap before GC invocations=1 (full 0):
 garbage-first heap   total 251904K, used 29663K [0x000000070bc00000, 0x0000000800000000)
  region size 2048K, 14 young (28672K), 2 survivors (4096K)
 Metaspace       used 12884K, committed 13120K, reserved 1114112K
  class space    used 1702K, committed 1792K, reserved 1048576K
}
Event: 0.702 GC heap after
{Heap after GC invocations=2 (full 0):
 garbage-first heap   total 251904K, used 8531K [0x000000070bc00000, 0x0000000800000000)
  region size 2048K, 1 young (2048K), 1 survivors (2048K)
 Metaspace       used 12884K, committed 13120K, reserved 1114112K
  class space    used 1702K, committed 1792K, reserved 1048576K
}
Event: 1.100 GC heap before
{Heap before GC invocations=2 (full 0):
 garbage-first heap   total 251904K, used 63827K [0x000000070bc00000, 0x0000000800000000)
  region size 2048K, 29 young (59392K), 1 survivors (2048K)
 Metaspace       used 21185K, committed 21504K, reserved 1114112K
  class space    used 2865K, committed 3072K, reserved 1048576K
}
Event: 1.104 GC heap after
{Heap after GC invocations=3 (full 0):
 garbage-first heap   total 251904K, used 12855K [0x000000070bc00000, 0x0000000800000000)
  region size 2048K, 3 young (6144K), 3 survivors (6144K)
 Metaspace       used 21185K, committed 21504K, reserved 1114112K
  class space    used 2865K, committed 3072K, reserved 1048576K
}
Event: 1.410 GC heap before
{Heap before GC invocations=4 (full 0):
 garbage-first heap   total 55296K, used 39479K [0x000000070bc00000, 0x0000000800000000)
  region size 2048K, 17 young (34816K), 3 survivors (6144K)
 Metaspace       used 25697K, committed 26176K, reserved 1114112K
  class space    used 3502K, committed 3712K, reserved 1048576K
}
Event: 1.415 GC heap after
{Heap after GC invocations=5 (full 0):
 garbage-first heap   total 55296K, used 15297K [0x000000070bc00000, 0x0000000800000000)
  region size 2048K, 2 young (4096K), 2 survivors (4096K)
 Metaspace       used 25697K, committed 26176K, reserved 1114112K
  class space    used 3502K, committed 3712K, reserved 1048576K
}
Event: 1.438 GC heap before
{Heap before GC invocations=5 (full 0):
 garbage-first heap   total 55296K, used 15297K [0x000000070bc00000, 0x0000000800000000)
  region size 2048K, 3 young (6144K), 2 survivors (4096K)
 Metaspace       used 25991K, committed 26368K, reserved 1114112K
  class space    used 3547K, committed 3712K, reserved 1048576K
}
Event: 1.440 GC heap after
{Heap after GC invocations=6 (full 0):
 garbage-first heap   total 55296K, used 15771K [0x000000070bc00000, 0x0000000800000000)
  region size 2048K, 1 young (2048K), 1 survivors (2048K)
 Metaspace       used 25991K, committed 26368K, reserved 1114112K
  class space    used 3547K, committed 3712K, reserved 1048576K
}
Event: 1.649 GC heap before
{Heap before GC invocations=6 (full 0):
 garbage-first heap   total 55296K, used 34203K [0x000000070bc00000, 0x0000000800000000)
  region size 2048K, 10 young (20480K), 1 survivors (2048K)
 Metaspace       used 28682K, committed 29184K, reserved 1114112K
  class space    used 3909K, committed 4160K, reserved 1048576K
}

Deoptimization events (10 events):
Event: 0.718 Thread 0x0000022e8144d280 DEOPT PACKING pc=0x0000022e893a4a79 sp=0x000000b3ed9fd4c0
Event: 0.718 Thread 0x0000022e8144d280 DEOPT UNPACKING pc=0x0000022e88d32b43 sp=0x000000b3ed9fc9a0 mode 3
Event: 0.888 Thread 0x0000022e8144d280 DEOPT PACKING pc=0x0000022e89423955 sp=0x000000b3ed9fde20
Event: 0.888 Thread 0x0000022e8144d280 DEOPT UNPACKING pc=0x0000022e88d32b43 sp=0x000000b3ed9fd2c8 mode 3
Event: 1.397 Thread 0x0000022e8144d280 DEOPT PACKING pc=0x0000022e895b15a5 sp=0x000000b3ed9fc740
Event: 1.397 Thread 0x0000022e8144d280 DEOPT UNPACKING pc=0x0000022e88d32b43 sp=0x000000b3ed9fbca8 mode 3
Event: 1.416 Thread 0x0000022e8144d280 DEOPT PACKING pc=0x0000022e893d0409 sp=0x000000b3ed9fe980
Event: 1.416 Thread 0x0000022e8144d280 DEOPT UNPACKING pc=0x0000022e88d32b43 sp=0x000000b3ed9fde10 mode 3
Event: 1.416 Thread 0x0000022edee67900 DEOPT PACKING pc=0x0000022e8939d71f sp=0x000000b3f03fece0
Event: 1.416 Thread 0x0000022edee67900 DEOPT UNPACKING pc=0x0000022e88d32b43 sp=0x000000b3f03fe138 mode 3

Classes unloaded (0 events):
No events

Classes redefined (0 events):
No events

Internal exceptions (20 events):
Event: 1.231 Thread 0x0000022e8144d280 Exception <a 'java/lang/NoSuchMethodError'{0x000000070e0dee78}: 'void java.lang.invoke.DirectMethodHandle$Holder.invokeInterface(java.lang.Object, java.lang.Object, int)'> (0x000000070e0dee78) 
thrown [s\open\src\hotspot\share\interpreter\linkResolver.cpp, line 759]
Event: 1.234 Thread 0x0000022e8144d280 Exception <a 'java/lang/IncompatibleClassChangeError'{0x000000070de2ee28}: Found class java.lang.Object, but interface was expected> (0x000000070de2ee28) 
thrown [s\open\src\hotspot\share\interpreter\linkResolver.cpp, line 826]
Event: 1.235 Thread 0x0000022e8144d280 Exception <a 'java/lang/NoSuchMethodError'{0x000000070de47908}: 'void java.lang.invoke.DirectMethodHandle$Holder.invokeStatic(java.lang.Object, int, java.lang.Object)'> (0x000000070de47908) 
thrown [s\open\src\hotspot\share\interpreter\linkResolver.cpp, line 759]
Event: 1.237 Thread 0x0000022e8144d280 Exception <a 'java/lang/NoSuchMethodError'{0x000000070de835e8}: 'void java.lang.invoke.DirectMethodHandle$Holder.invokeVirtual(java.lang.Object, java.lang.Object, int)'> (0x000000070de835e8) 
thrown [s\open\src\hotspot\share\interpreter\linkResolver.cpp, line 759]
Event: 1.237 Thread 0x0000022e8144d280 Exception <a 'java/lang/NoSuchMethodError'{0x000000070de897a0}: 'void java.lang.invoke.DirectMethodHandle$Holder.invokeStatic(java.lang.Object, java.lang.Object, java.lang.Object, int, java.lang.Object)'> (0x000000070de897a0) 
thrown [s\open\src\hotspot\share\interpreter\linkResolver.cpp, line 759]
Event: 1.238 Thread 0x0000022e8144d280 Exception <a 'java/lang/NoSuchMethodError'{0x000000070de90c20}: 'java.lang.Object java.lang.invoke.DirectMethodHandle$Holder.newInvokeSpecial(java.lang.Object, java.lang.Object, java.lang.Object, int)'> (0x000000070de90c20) 
thrown [s\open\src\hotspot\share\interpreter\linkResolver.cpp, line 759]
Event: 1.238 Thread 0x0000022e8144d280 Exception <a 'java/lang/NoSuchMethodError'{0x000000070de94f08}: 'java.lang.Object java.lang.invoke.DirectMethodHandle$Holder.invokeSpecial(java.lang.Object, java.lang.Object, java.lang.Object, java.lang.Object, int)'> (0x000000070de94f08) 
thrown [s\open\src\hotspot\share\interpreter\linkResolver.cpp, line 759]
Event: 1.238 Thread 0x0000022e8144d280 Exception <a 'java/lang/NoSuchMethodError'{0x000000070de98ad0}: 'java.lang.Object java.lang.invoke.Invokers$Holder.linkToTargetMethod(java.lang.Object, java.lang.Object, int, java.lang.Object)'> (0x000000070de98ad0) 
thrown [s\open\src\hotspot\share\interpreter\linkResolver.cpp, line 759]
Event: 1.337 Thread 0x0000022e8144d280 Exception <a 'java/lang/NoSuchMethodError'{0x000000070d790ee8}: 'java.lang.Object java.lang.invoke.DirectMethodHandle$Holder.invokeSpecial(java.lang.Object, java.lang.Object, long, java.lang.Object, java.lang.Object, java.lang.Object, java.lang.Object, java.lang.Object, java.lang.Object)'> (0x000000070d790ee8) 
thrown [s\open\src\hotspot\share\interpreter\linkResolver.cpp, line 759]
Event: 1.337 Thread 0x0000022e8144d280 Exception <a 'java/lang/NoSuchMethodError'{0x000000070d795a10}: 'java.lang.Object java.lang.invoke.DelegatingMethodHandle$Holder.reinvoke_L(java.lang.Object, long, java.lang.Object, java.lang.Object, java.lang.Object, java.lang.Object, java.lang.Object, java.lang.Object)'> (0x000000070d795a10) 
thrown [s\open\src\hotspot\share\interpreter\linkResolver.cpp, line 759]
Event: 1.359 Thread 0x0000022e8144d280 Exception <a 'java/io/FileNotFoundException'{0x000000070d501a08}> (0x000000070d501a08) 
thrown [s\open\src\hotspot\share\prims\jni.cpp, line 516]
Event: 1.378 Thread 0x0000022e8144d280 Exception <a 'java/lang/NoSuchMethodError'{0x000000070d2aa178}: 'int java.lang.invoke.DirectMethodHandle$Holder.invokeInterface(java.lang.Object, java.lang.Object, java.lang.Object, java.lang.Object)'> (0x000000070d2aa178) 
thrown [s\open\src\hotspot\share\interpreter\linkResolver.cpp, line 759]
Event: 1.401 Thread 0x0000022e8144d280 Exception <a 'java/lang/NoSuchMethodError'{0x000000070d086a38}: 'long java.lang.invoke.DirectMethodHandle$Holder.invokeVirtual(java.lang.Object, java.lang.Object)'> (0x000000070d086a38) 
thrown [s\open\src\hotspot\share\interpreter\linkResolver.cpp, line 759]
Event: 1.425 Thread 0x0000022e8144d280 Exception <a 'java/io/FileNotFoundException'{0x000000071b0b3c08}> (0x000000071b0b3c08) 
thrown [s\open\src\hotspot\share\prims\jni.cpp, line 516]
Event: 1.425 Thread 0x0000022e8144d280 Exception <a 'java/io/FileNotFoundException'{0x000000071b0b4700}> (0x000000071b0b4700) 
thrown [s\open\src\hotspot\share\prims\jni.cpp, line 516]
Event: 1.433 Thread 0x0000022e8144d280 Exception <a 'java/io/FileNotFoundException'{0x000000071b172490}> (0x000000071b172490) 
thrown [s\open\src\hotspot\share\prims\jni.cpp, line 516]
Event: 1.433 Thread 0x0000022e8144d280 Exception <a 'java/io/FileNotFoundException'{0x000000071b172f40}> (0x000000071b172f40) 
thrown [s\open\src\hotspot\share\prims\jni.cpp, line 516]
Event: 1.450 Thread 0x0000022e8144d280 Exception <a 'sun/nio/fs/WindowsException'{0x000000071b0ed0a0}> (0x000000071b0ed0a0) 
thrown [s\open\src\hotspot\share\prims\jni.cpp, line 516]
Event: 1.558 Thread 0x0000022edec03a00 Exception <a 'java/lang/reflect/InvocationTargetException'{0x000000070e45dfe8}> (0x000000070e45dfe8) 
thrown [s\open\src\hotspot\share\runtime\reflection.cpp, line 1121]
Event: 1.611 Thread 0x0000022e8144d280 Exception <a 'java/lang/IncompatibleClassChangeError'{0x000000070e0403a0}: Found class java.lang.Object, but interface was expected> (0x000000070e0403a0) 
thrown [s\open\src\hotspot\share\interpreter\linkResolver.cpp, line 826]

VM Operations (20 events):
Event: 1.386 Executing VM operation: HandshakeAllThreads done
Event: 1.405 Executing VM operation: HandshakeAllThreads
Event: 1.405 Executing VM operation: HandshakeAllThreads done
Event: 1.410 Executing VM operation: G1CollectForAllocation
Event: 1.415 Executing VM operation: G1CollectForAllocation done
Event: 1.436 Executing VM operation: HandshakeAllThreads
Event: 1.436 Executing VM operation: HandshakeAllThreads done
Event: 1.438 Executing VM operation: G1CollectForAllocation
Event: 1.440 Executing VM operation: G1CollectForAllocation done
Event: 1.533 Executing VM operation: HandshakeAllThreads
Event: 1.533 Executing VM operation: HandshakeAllThreads done
Event: 1.533 Executing VM operation: HandshakeAllThreads
Event: 1.533 Executing VM operation: HandshakeAllThreads done
Event: 1.542 Executing VM operation: HandshakeAllThreads
Event: 1.542 Executing VM operation: HandshakeAllThreads done
Event: 1.579 Executing VM operation: HandshakeAllThreads
Event: 1.579 Executing VM operation: HandshakeAllThreads done
Event: 1.632 Executing VM operation: HandshakeAllThreads
Event: 1.632 Executing VM operation: HandshakeAllThreads done
Event: 1.649 Executing VM operation: G1CollectForAllocation

Events (20 events):
Event: 1.458 loading class java/lang/SafeVarargs
Event: 1.458 loading class java/lang/SafeVarargs done
Event: 1.469 loading class java/util/concurrent/CompletableFuture
Event: 1.469 loading class java/util/concurrent/CompletionStage
Event: 1.469 loading class java/util/concurrent/CompletionStage done
Event: 1.470 loading class java/util/concurrent/CompletableFuture done
Event: 1.489 loading class java/nio/charset/UnsupportedCharsetException
Event: 1.489 loading class java/nio/charset/UnsupportedCharsetException done
Event: 1.494 loading class java/util/regex/PatternSyntaxException
Event: 1.494 loading class java/util/regex/PatternSyntaxException done
Event: 1.496 loading class java/util/Comparators$NullComparator
Event: 1.496 loading class java/util/Comparators$NullComparator done
Event: 1.504 loading class java/io/StringWriter
Event: 1.505 loading class java/io/StringWriter done
Event: 1.556 Thread 0x0000022edee65080 Thread added: 0x0000022edee65080
Event: 1.559 Thread 0x0000022edee65080 Thread exited: 0x0000022edee65080
Event: 1.578 loading class java/util/ArrayList$ListItr
Event: 1.578 loading class java/util/ArrayList$ListItr done
Event: 1.607 loading class sun/reflect/generics/tree/BooleanSignature
Event: 1.607 loading class sun/reflect/generics/tree/BooleanSignature done


Dynamic libraries:
0x00007ff60d520000 - 0x00007ff60d530000 	C:\Program Files\Java\jdk-17\bin\java.exe
0x00007ffbf1370000 - 0x00007ffbf1587000 	C:\WINDOWS\SYSTEM32\ntdll.dll
0x00007ffbefbb0000 - 0x00007ffbefc74000 	C:\WINDOWS\System32\KERNEL32.DLL
0x00007ffbeea00000 - 0x00007ffbeeda6000 	C:\WINDOWS\System32\KERNELBASE.dll
0x00007ffbeedb0000 - 0x00007ffbeeec1000 	C:\WINDOWS\System32\ucrtbase.dll
0x00007ffbe58b0000 - 0x00007ffbe58c9000 	C:\Program Files\Java\jdk-17\bin\jli.dll
0x00007ffbe2130000 - 0x00007ffbe214b000 	C:\Program Files\Java\jdk-17\bin\VCRUNTIME140.dll
0x00007ffbf0750000 - 0x00007ffbf0803000 	C:\WINDOWS\System32\ADVAPI32.dll
0x00007ffbefc90000 - 0x00007ffbefd37000 	C:\WINDOWS\System32\msvcrt.dll
0x00007ffbef0c0000 - 0x00007ffbef168000 	C:\WINDOWS\System32\sechost.dll
0x00007ffbee8b0000 - 0x00007ffbee8d8000 	C:\WINDOWS\System32\bcrypt.dll
0x00007ffbf09b0000 - 0x00007ffbf0ac7000 	C:\WINDOWS\System32\RPCRT4.dll
0x00007ffbef9f0000 - 0x00007ffbefb9e000 	C:\WINDOWS\System32\USER32.dll
0x00007ffbee880000 - 0x00007ffbee8a6000 	C:\WINDOWS\System32\win32u.dll
0x00007ffbf0720000 - 0x00007ffbf0749000 	C:\WINDOWS\System32\GDI32.dll
0x00007ffbee8e0000 - 0x00007ffbee9f8000 	C:\WINDOWS\System32\gdi32full.dll
0x00007ffbee7e0000 - 0x00007ffbee87a000 	C:\WINDOWS\System32\msvcp_win.dll
0x00007ffbdf770000 - 0x00007ffbdfa03000 	C:\WINDOWS\WinSxS\amd64_microsoft.windows.common-controls_6595b64144ccf1df_6.0.22621.2506_none_270c5ae97388e100\COMCTL32.dll
0x00007ffbe8310000 - 0x00007ffbe831a000 	C:\WINDOWS\SYSTEM32\VERSION.dll
0x00007ffbef7e0000 - 0x00007ffbef811000 	C:\WINDOWS\System32\IMM32.DLL
0x00007ffbec2a0000 - 0x00007ffbec2ac000 	C:\Program Files\Java\jdk-17\bin\vcruntime140_1.dll
0x00007ffbc30f0000 - 0x00007ffbc317e000 	C:\Program Files\Java\jdk-17\bin\msvcp140.dll
0x00007ffba8d00000 - 0x00007ffba98e1000 	C:\Program Files\Java\jdk-17\bin\server\jvm.dll
0x00007ffbefba0000 - 0x00007ffbefba8000 	C:\WINDOWS\System32\PSAPI.DLL
0x00007ffbec290000 - 0x00007ffbec299000 	C:\WINDOWS\SYSTEM32\WSOCK32.dll
0x00007ffbf06a0000 - 0x00007ffbf0711000 	C:\WINDOWS\System32\WS2_32.dll
0x00007ffbe4f80000 - 0x00007ffbe4fb4000 	C:\WINDOWS\SYSTEM32\WINMM.dll
0x00007ffbed6c0000 - 0x00007ffbed6d8000 	C:\WINDOWS\SYSTEM32\kernel.appcore.dll
0x00007ffbe58e0000 - 0x00007ffbe58ea000 	C:\Program Files\Java\jdk-17\bin\jimage.dll
0x00007ffbebff0000 - 0x00007ffbec223000 	C:\WINDOWS\SYSTEM32\DBGHELP.DLL
0x00007ffbef1e0000 - 0x00007ffbef569000 	C:\WINDOWS\System32\combase.dll
0x00007ffbef700000 - 0x00007ffbef7d7000 	C:\WINDOWS\System32\OLEAUT32.dll
0x00007ffbe6160000 - 0x00007ffbe6192000 	C:\WINDOWS\SYSTEM32\dbgcore.DLL
0x00007ffbeeed0000 - 0x00007ffbeef4a000 	C:\WINDOWS\System32\bcryptPrimitives.dll
0x00007ffbe5930000 - 0x00007ffbe593e000 	C:\Program Files\Java\jdk-17\bin\instrument.dll
0x00007ffbd7300000 - 0x00007ffbd7325000 	C:\Program Files\Java\jdk-17\bin\java.dll
0x00007ffbabc80000 - 0x00007ffbabd57000 	C:\Program Files\Java\jdk-17\bin\jsvml.dll
0x00007ffbf0ad0000 - 0x00007ffbf132b000 	C:\WINDOWS\System32\SHELL32.dll
0x00007ffbec5c0000 - 0x00007ffbeceb6000 	C:\WINDOWS\SYSTEM32\windows.storage.dll
0x00007ffbec480000 - 0x00007ffbec5be000 	C:\WINDOWS\SYSTEM32\wintypes.dll
0x00007ffbef5f0000 - 0x00007ffbef6e3000 	C:\WINDOWS\System32\SHCORE.dll
0x00007ffbefda0000 - 0x00007ffbefdfe000 	C:\WINDOWS\System32\shlwapi.dll
0x00007ffbee5e0000 - 0x00007ffbee606000 	C:\WINDOWS\SYSTEM32\profapi.dll
0x00007ffbc8400000 - 0x00007ffbc8418000 	C:\Program Files\Java\jdk-17\bin\zip.dll
0x00007ffbd3c60000 - 0x00007ffbd3c79000 	C:\Program Files\Java\jdk-17\bin\net.dll
0x00007ffbe9290000 - 0x00007ffbe93c7000 	C:\WINDOWS\SYSTEM32\WINHTTP.dll
0x00007ffbedb70000 - 0x00007ffbedbd9000 	C:\WINDOWS\system32\mswsock.dll
0x00007ffbc9470000 - 0x00007ffbc9486000 	C:\Program Files\Java\jdk-17\bin\nio.dll
0x00007ffbddad0000 - 0x00007ffbddaea000 	C:\Program Files\JetBrains\IntelliJ IDEA 2023.3.2\bin\breakgen64.dll
0x00007ffbed140000 - 0x00007ffbed239000 	C:\WINDOWS\SYSTEM32\DNSAPI.dll
0x00007ffbed110000 - 0x00007ffbed13d000 	C:\WINDOWS\SYSTEM32\IPHLPAPI.DLL
0x00007ffbefc80000 - 0x00007ffbefc89000 	C:\WINDOWS\System32\NSI.dll
0x00007ffbe8eb0000 - 0x00007ffbe8eba000 	C:\Windows\System32\rasadhlp.dll
0x00007ffbe8350000 - 0x00007ffbe83d3000 	C:\WINDOWS\System32\fwpuclnt.dll
0x00007ffbe5920000 - 0x00007ffbe592a000 	C:\Program Files\Java\jdk-17\bin\management.dll
0x00007ffbe5910000 - 0x00007ffbe591b000 	C:\Program Files\Java\jdk-17\bin\management_ext.dll
0x00007ffbeddc0000 - 0x00007ffbedddb000 	C:\WINDOWS\SYSTEM32\CRYPTSP.dll
0x00007ffbed620000 - 0x00007ffbed655000 	C:\WINDOWS\system32\rsaenh.dll
0x00007ffbedc60000 - 0x00007ffbedc8c000 	C:\WINDOWS\SYSTEM32\USERENV.dll
0x00007ffbedde0000 - 0x00007ffbeddec000 	C:\WINDOWS\SYSTEM32\CRYPTBASE.dll
0x00007ffbe8fa0000 - 0x00007ffbe8fb9000 	C:\WINDOWS\SYSTEM32\dhcpcsvc6.DLL
0x00007ffbe8e80000 - 0x00007ffbe8e9f000 	C:\WINDOWS\SYSTEM32\dhcpcsvc.DLL
0x00007ffb91710000 - 0x00007ffb91727000 	C:\WINDOWS\system32\napinsp.dll
0x00007ffb90c20000 - 0x00007ffb90c3b000 	C:\WINDOWS\system32\pnrpnsp.dll
0x00007ffb90c00000 - 0x00007ffb90c11000 	C:\WINDOWS\System32\winrnr.dll
0x00007ffbbe1f0000 - 0x00007ffbbe205000 	C:\WINDOWS\system32\wshbth.dll
0x00007ffb90b90000 - 0x00007ffb90bb1000 	C:\WINDOWS\system32\nlansp_c.dll
0x00007ffbe22f0000 - 0x00007ffbe22fe000 	C:\Program Files\Java\jdk-17\bin\sunmscapi.dll
0x00007ffbeef50000 - 0x00007ffbef0b6000 	C:\WINDOWS\System32\CRYPT32.dll
0x00007ffbedf60000 - 0x00007ffbedf8e000 	C:\WINDOWS\SYSTEM32\ncrypt.dll
0x00007ffbedf20000 - 0x00007ffbedf57000 	C:\WINDOWS\SYSTEM32\NTASN1.dll
0x00007ffbe6470000 - 0x00007ffbe6480000 	C:\Program Files\Java\jdk-17\bin\verify.dll

dbghelp: loaded successfully - version: 4.0.5 - missing functions: none
symbol engine: initialized successfully - sym options: 0x614 - pdb path: .;C:\Program Files\Java\jdk-17\bin;C:\WINDOWS\SYSTEM32;C:\WINDOWS\WinSxS\amd64_microsoft.windows.common-controls_6595b64144ccf1df_6.0.22621.2506_none_270c5ae97388e100;C:\Program Files\Java\jdk-17\bin\server;C:\Program Files\JetBrains\IntelliJ IDEA 2023.3.2\bin

VM Arguments:
jvm_args: -XX:TieredStopAtLevel=1 -Dspring.output.ansi.enabled=always -Dcom.sun.management.jmxremote -Dspring.jmx.enabled=true -Dspring.liveBeansView.mbeanDomain -Dspring.application.admin.enabled=true -Dmanagement.endpoints.jmx.exposure.include=* -javaagent:C:\Program Files\JetBrains\IntelliJ IDEA 2023.3.2\lib\idea_rt.jar=56119:C:\Program Files\JetBrains\IntelliJ IDEA 2023.3.2\bin -Dfile.encoding=UTF-8 
java_command: com.team3.project.ProjectApplication
java_class_path (initial): C:\Users\Luza3\IdeaProjects\projekt-team3-uebung3\Project\target\classes;C:\Users\Luza3\.m2\repository\org\springframework\boot\spring-boot-starter-web\3.2.1\spring-boot-starter-web-3.2.1.jar;C:\Users\Luza3\.m2\repository\org\springframework\boot\spring-boot-starter\3.2.1\spring-boot-starter-3.2.1.jar;C:\Users\Luza3\.m2\repository\org\springframework\boot\spring-boot\3.2.1\spring-boot-3.2.1.jar;C:\Users\Luza3\.m2\repository\org\springframework\boot\spring-boot-autoconfigure\3.2.1\spring-boot-autoconfigure-3.2.1.jar;C:\Users\Luza3\.m2\repository\org\springframework\boot\spring-boot-starter-logging\3.2.1\spring-boot-starter-logging-3.2.1.jar;C:\Users\Luza3\.m2\repository\ch\qos\logback\logback-classic\1.4.14\logback-classic-1.4.14.jar;C:\Users\Luza3\.m2\repository\ch\qos\logback\logback-core\1.4.14\logback-core-1.4.14.jar;C:\Users\Luza3\.m2\repository\org\apache\logging\log4j\log4j-to-slf4j\2.21.1\log4j-to-slf4j-2.21.1.jar;C:\Users\Luza3\.m2\repository\org\apache\logging\log4j\log4j-api\2.21.1\log4j-api-2.21.1.jar;C:\Users\Luza3\.m2\repository\org\slf4j\jul-to-slf4j\2.0.9\jul-to-slf4j-2.0.9.jar;C:\Users\Luza3\.m2\repository\jakarta\annotation\jakarta.annotation-api\2.1.1\jakarta.annotation-api-2.1.1.jar;C:\Users\Luza3\.m2\repository\org\yaml\snakeyaml\2.2\snakeyaml-2.2.jar;C:\Users\Luza3\.m2\repository\org\springframework\boot\spring-boot-starter-json\3.2.1\spring-boot-starter-json-3.2.1.jar;C:\Users\Luza3\.m2\repository\com\fasterxml\jackson\core\jackson-databind\2.15.3\jackson-databind-2.15.3.jar;C:\Users\Luza3\.m2\repository\com\fasterxml\jackson\core\jackson-annotations\2.15.3\jackson-annotations-2.15.3.jar;C:\Users\Luza3\.m2\repository\com\fasterxml\jackson\core\jackson-core\2.15.3\jackson-core-2.15.3.jar;C:\Users\Luza3\.m2\repository\com\fasterxml\jackson\datatype\jackson-datatype-jdk8\2.15.3\jackson-datatype-jdk8-2.15.3.jar;C:\Users\Luza3\.m2\repository\com\fasterxml\jackson\datatype\jackson-datatype-jsr310\2.15.3\jackson-datatype-j
Launcher Type: SUN_STANDARD

[Global flags]
     intx CICompilerCount                          = 12                                        {product} {ergonomic}
     uint ConcGCThreads                            = 3                                         {product} {ergonomic}
     uint G1ConcRefinementThreads                  = 13                                        {product} {ergonomic}
   size_t G1HeapRegionSize                         = 2097152                                   {product} {ergonomic}
    uintx GCDrainStackTargetSize                   = 64                                        {product} {ergonomic}
   size_t InitialHeapSize                          = 257949696                                 {product} {ergonomic}
     bool ManagementServer                         = true                                      {product} {command line}
   size_t MarkStackSize                            = 4194304                                   {product} {ergonomic}
   size_t MaxHeapSize                              = 4097835008                                {product} {ergonomic}
   size_t MaxNewSize                               = 2457862144                                {product} {ergonomic}
   size_t MinHeapDeltaBytes                        = 2097152                                   {product} {ergonomic}
   size_t MinHeapSize                              = 8388608                                   {product} {ergonomic}
    uintx NonProfiledCodeHeapSize                  = 0                                      {pd product} {ergonomic}
     bool ProfileInterpreter                       = false                                  {pd product} {command line}
    uintx ProfiledCodeHeapSize                     = 0                                      {pd product} {ergonomic}
   size_t SoftMaxHeapSize                          = 4097835008                             {manageable} {ergonomic}
     intx TieredStopAtLevel                        = 1                                         {product} {command line}
     bool UseCompressedClassPointers               = true                           {product lp64_product} {ergonomic}
     bool UseCompressedOops                        = true                           {product lp64_product} {ergonomic}
     bool UseG1GC                                  = true                                      {product} {ergonomic}
     bool UseLargePagesIndividualAllocation        = false                                  {pd product} {ergonomic}

Logging:
Log output configuration:
 #0: stdout all=warning uptime,level,tags
 #1: stderr all=off uptime,level,tags

Environment Variables:
JAVA_HOME=C:\Program Files\Java\jdk-17
PATH=C:\Windows\system32;C:\Windows;C:\Windows\System32\Wbem;C:\Windows\System32\WindowsPowerShell\v1.0\;C:\Windows\System32\OpenSSH\;C:\Program Files (x86)\NVIDIA Corporation\PhysX\Common;C:\Program Files\NVIDIA Corporation\NVIDIA NvDLISR;C:\WINDOWS\system32;C:\WINDOWS;C:\WINDOWS\System32\Wbem;C:\WINDOWS\System32\WindowsPowerShell\v1.0\;C:\WINDOWS\System32\OpenSSH\;C:\Program Files\dotnet\;C:\Program Files\Git\cmd;C:\Program Files\Java\jdk-17\bin;C:\Program Files\Maven\apache-maven-3.9.6\bin;C:\Program Files\Common Files\Oracle\Java\javapath;C:\Program Files (x86)\Common Files\Oracle\Java\javapath;C:\Users\Luza3\AppData\Local\Microsoft\WindowsApps;C:\Users\Luza3\AppData\Local\Programs\Microsoft VS Code\bin;C:\MinGW\bin;;C:\ghcup\bin;C:\Program Files\JetBrains\IntelliJ IDEA 2023.3.2\bin;
USERNAME=Luza3
OS=Windows_NT
PROCESSOR_IDENTIFIER=AMD64 Family 25 Model 68 Stepping 1, AuthenticAMD



---------------  S Y S T E M  ---------------

OS:
 Windows 11 , 64 bit Build 22621 (10.0.22621.3085)
OS uptime: 6 days 2:11 hours
Hyper-V role detected

CPU: total 16 (initial active 16) (16 cores per cpu, 2 threads per core) family 25 model 68 stepping 1 microcode 0x0, cx8, cmov, fxsr, ht, mmx, 3dnowpref, sse, sse2, sse3, ssse3, sse4a, sse4.1, sse4.2, popcnt, lzcnt, tsc, tscinvbit, avx, avx2, aes, erms, clmul, bmi1, bmi2, adx, sha, fma, vzeroupper, clflush, clflushopt, hv

Memory: 4k page, system-wide physical 15628M (3089M free)
TotalPageFile size 62732M (AvailPageFile size 126M)
current process WorkingSet (physical memory assigned to process): 139M, peak: 145M
current process commit charge ("private bytes"): 292M, peak: 381M

vm_info: Java HotSpot(TM) 64-Bit Server VM (17.0.9+11-LTS-201) for windows-amd64 JRE (17.0.9+11-LTS-201), built on Oct 10 2023 23:16:06 by "mach5one" with MS VC++ 17.1 (VS2022)

END.
