#
# There is insufficient memory for the Java Runtime Environment to continue.
# Native memory allocation (malloc) failed to allocate 32784 bytes for Chunk::new
# Possible reasons:
#   The system is out of physical RAM or swap space
#   The process is running with CompressedOops enabled, and the Java Heap may be blocking the growth of the native heap
# Possible solutions:
#   Reduce memory load on the system
#   Increase physical memory or swap space
#   Check if swap backing store is full
#   Decrease Java heap size (-Xmx/-Xms)
#   Decrease number of Java threads
#   Decrease Java thread stack sizes (-Xss)
#   Set larger code cache with -XX:ReservedCodeCacheSize=
#   JVM is running with Zero Based Compressed Oops mode in which the Java heap is
#     placed in the first 32GB address space. The Java Heap base address is the
#     maximum limit for the native heap growth. Please use -XX:HeapBaseMinAddress
#     to set the Java Heap base and to place the Java Heap above 32GB virtual address.
# This output file may be truncated or incomplete.
#
#  Out of Memory Error (arena.cpp:189), pid=43280, tid=18860
#
# JRE version: Java(TM) SE Runtime Environment (17.0.9+11) (build 17.0.9+11-LTS-201)
# Java VM: Java HotSpot(TM) 64-Bit Server VM (17.0.9+11-LTS-201, mixed mode, emulated-client, sharing, tiered, compressed oops, compressed class ptrs, g1 gc, windows-amd64)
# No core dump will be written. Minidumps are not enabled by default on client versions of Windows
#

---------------  S U M M A R Y ------------

Command Line: -agentlib:jdwp=transport=dt_socket,address=127.0.0.1:56166,suspend=y,server=n -XX:TieredStopAtLevel=1 -Dspring.output.ansi.enabled=always -Dcom.sun.management.jmxremote -Dspring.jmx.enabled=true -Dspring.liveBeansView.mbeanDomain -Dspring.application.admin.enabled=true -Dmanagement.endpoints.jmx.exposure.include=* -javaagent:C:\Users\Luza3\AppData\Local\JetBrains\IntelliJIdea2023.3\captureAgent\debugger-agent.jar -Dfile.encoding=UTF-8 com.team3.project.ProjectApplication

Host: AMD Ryzen 7 6800H with Radeon Graphics         , 16 cores, 15G,  Windows 11 , 64 bit Build 22621 (10.0.22621.3085)
Time: Fri Feb  9 19:41:16 2024 Mitteleuropäische Zeit elapsed time: 1.474807 seconds (0d 0h 0m 1s)

---------------  T H R E A D  ---------------

Current thread (0x000002b4bb75d860):  JavaThread "main" [_thread_in_vm, id=18860, stack(0x000000c3b8c00000,0x000000c3b8d00000)]

Stack: [0x000000c3b8c00000,0x000000c3b8d00000]
Native frames: (J=compiled Java code, j=interpreted, Vv=VM code, C=native code)
V  [jvm.dll+0x678a4a]
V  [jvm.dll+0x7d9cfd]
V  [jvm.dll+0x7db60e]
V  [jvm.dll+0x7dbc73]
V  [jvm.dll+0x245e1f]
V  [jvm.dll+0xaaafb]
V  [jvm.dll+0xab09c]
V  [jvm.dll+0x53a259]
V  [jvm.dll+0x5396c0]
V  [jvm.dll+0x511480]
V  [jvm.dll+0x4cdde5]
C  [jdwp.dll+0xb6df]

Java frames: (J=compiled Java code, j=interpreted, Vv=VM code)
J 2899  java.lang.Class.getDeclaredMethods0(Z)[Ljava/lang/reflect/Method; java.base@17.0.9 (0 bytes) @ 0x000002b4c39107e3 [0x000002b4c39107a0+0x0000000000000043]
J 1976 c1 java.lang.Class.privateGetDeclaredMethods(Z)[Ljava/lang/reflect/Method; java.base@17.0.9 (64 bytes) @ 0x000002b4c377cea4 [0x000002b4c377ce00+0x00000000000000a4]
j  java.lang.Class.getDeclaredMethods()[Ljava/lang/reflect/Method;+20 java.base@17.0.9
j  org.springframework.util.ReflectionUtils.getDeclaredMethods(Ljava/lang/Class;Z)[Ljava/lang/reflect/Method;+24
j  org.springframework.util.ReflectionUtils.doWithMethods(Ljava/lang/Class;Lorg/springframework/util/ReflectionUtils$MethodCallback;Lorg/springframework/util/ReflectionUtils$MethodFilter;)V+16
j  org.springframework.util.ReflectionUtils.getUniqueDeclaredMethods(Ljava/lang/Class;Lorg/springframework/util/ReflectionUtils$MethodFilter;)[Ljava/lang/reflect/Method;+18
j  org.springframework.beans.factory.support.AbstractAutowireCapableBeanFactory.lambda$getTypeForFactoryMethod$1(Ljava/lang/Class;)[Ljava/lang/reflect/Method;+4
j  org.springframework.beans.factory.support.AbstractAutowireCapableBeanFactory$$Lambda$455+0x000002b4d42bac00.apply(Ljava/lang/Object;)Ljava/lang/Object;+4
J 1027 c1 java.util.concurrent.ConcurrentHashMap.computeIfAbsent(Ljava/lang/Object;Ljava/util/function/Function;)Ljava/lang/Object; java.base@17.0.9 (576 bytes) @ 0x000002b4c3438a4c [0x000002b4c3438720+0x000000000000032c]
j  org.springframework.beans.factory.support.AbstractAutowireCapableBeanFactory.getTypeForFactoryMethod(Ljava/lang/String;Lorg/springframework/beans/factory/support/RootBeanDefinition;[Ljava/lang/Class;)Ljava/lang/Class;+138
J 2739 c1 org.springframework.beans.factory.support.AbstractAutowireCapableBeanFactory.determineTargetType(Ljava/lang/String;Lorg/springframework/beans/factory/support/RootBeanDefinition;[Ljava/lang/Class;)Ljava/lang/Class; (83 bytes) @ 0x000002b4c38d138c [0x000002b4c38d12c0+0x00000000000000cc]
J 2738 c1 org.springframework.beans.factory.support.AbstractAutowireCapableBeanFactory.predictBeanType(Ljava/lang/String;Lorg/springframework/beans/factory/support/RootBeanDefinition;[Ljava/lang/Class;)Ljava/lang/Class; (128 bytes) @ 0x000002b4c38d09a4 [0x000002b4c38d0940+0x0000000000000064]
J 2723 c1 org.springframework.beans.factory.support.AbstractBeanFactory.isFactoryBean(Ljava/lang/String;Lorg/springframework/beans/factory/support/RootBeanDefinition;)Z (62 bytes) @ 0x000002b4c38c7284 [0x000002b4c38c70e0+0x00000000000001a4]
j  org.springframework.beans.factory.support.DefaultListableBeanFactory.doGetBeanNamesForType(Lorg/springframework/core/ResolvableType;ZZ)[Ljava/lang/String;+111
j  org.springframework.beans.factory.support.DefaultListableBeanFactory.getBeanNamesForType(Ljava/lang/Class;ZZ)[Ljava/lang/String;+22
j  org.springframework.boot.autoconfigure.condition.OnBeanCondition.collectBeanNamesForType(Lorg/springframework/beans/factory/ListableBeanFactory;ZLjava/lang/Class;Ljava/util/Set;Ljava/util/Set;)Ljava/util/Set;+6
j  org.springframework.boot.autoconfigure.condition.OnBeanCondition.getBeanNamesForType(Lorg/springframework/beans/factory/ListableBeanFactory;ZLjava/lang/Class;Ljava/util/Set;)Ljava/util/Set;+7
j  org.springframework.boot.autoconfigure.condition.OnBeanCondition.getBeanNamesForType(Ljava/lang/ClassLoader;ZLorg/springframework/beans/factory/ListableBeanFactory;Ljava/lang/String;Ljava/util/Set;)Ljava/util/Set;+11
j  org.springframework.boot.autoconfigure.condition.OnBeanCondition.getMatchingBeans(Lorg/springframework/context/annotation/ConditionContext;Lorg/springframework/boot/autoconfigure/condition/OnBeanCondition$Spec;)Lorg/springframework/boot/autoconfigure/condition/OnBeanCondition$MatchResult;+142
j  org.springframework.boot.autoconfigure.condition.OnBeanCondition.getMatchOutcome(Lorg/springframework/context/annotation/ConditionContext;Lorg/springframework/core/type/AnnotatedTypeMetadata;)Lorg/springframework/boot/autoconfigure/condition/ConditionOutcome;+367
j  org.springframework.boot.autoconfigure.condition.SpringBootCondition.matches(Lorg/springframework/context/annotation/ConditionContext;Lorg/springframework/core/type/AnnotatedTypeMetadata;)Z+8
J 2929 c1 org.springframework.context.annotation.ConditionEvaluator.shouldSkip(Lorg/springframework/core/type/AnnotatedTypeMetadata;Lorg/springframework/context/annotation/ConfigurationCondition$ConfigurationPhase;)Z (256 bytes) @ 0x000002b4c391aa44 [0x000002b4c391a260+0x00000000000007e4]
j  org.springframework.context.annotation.ConfigurationClassBeanDefinitionReader.loadBeanDefinitionsForBeanMethod(Lorg/springframework/context/annotation/BeanMethod;)V+26
j  org.springframework.context.annotation.ConfigurationClassBeanDefinitionReader.loadBeanDefinitionsForConfigurationClass(Lorg/springframework/context/annotation/ConfigurationClass;Lorg/springframework/context/annotation/ConfigurationClassBeanDefinitionReader$TrackedConditionEvaluator;)V+107
j  org.springframework.context.annotation.ConfigurationClassBeanDefinitionReader.loadBeanDefinitions(Ljava/util/Set;)V+40
j  org.springframework.context.annotation.ConfigurationClassPostProcessor.processConfigBeanDefinitions(Lorg/springframework/beans/factory/support/BeanDefinitionRegistry;)V+379
j  org.springframework.context.annotation.ConfigurationClassPostProcessor.postProcessBeanDefinitionRegistry(Lorg/springframework/beans/factory/support/BeanDefinitionRegistry;)V+81
j  org.springframework.context.support.PostProcessorRegistrationDelegate.invokeBeanDefinitionRegistryPostProcessors(Ljava/util/Collection;Lorg/springframework/beans/factory/support/BeanDefinitionRegistry;Lorg/springframework/core/metrics/ApplicationStartup;)V+59
j  org.springframework.context.support.PostProcessorRegistrationDelegate.invokeBeanFactoryPostProcessors(Lorg/springframework/beans/factory/config/ConfigurableListableBeanFactory;Ljava/util/List;)V+238
j  org.springframework.context.support.AbstractApplicationContext.invokeBeanFactoryPostProcessors(Lorg/springframework/beans/factory/config/ConfigurableListableBeanFactory;)V+5
j  org.springframework.context.support.AbstractApplicationContext.refresh()V+62
j  org.springframework.boot.web.servlet.context.ServletWebServerApplicationContext.refresh()V+1
j  org.springframework.boot.SpringApplication.refresh(Lorg/springframework/context/ConfigurableApplicationContext;)V+1
j  org.springframework.boot.SpringApplication.refreshContext(Lorg/springframework/context/ConfigurableApplicationContext;)V+16
j  org.springframework.boot.SpringApplication.run([Ljava/lang/String;)Lorg/springframework/context/ConfigurableApplicationContext;+110
j  org.springframework.boot.SpringApplication.run([Ljava/lang/Class;[Ljava/lang/String;)Lorg/springframework/context/ConfigurableApplicationContext;+9
j  org.springframework.boot.SpringApplication.run(Ljava/lang/Class;[Ljava/lang/String;)Lorg/springframework/context/ConfigurableApplicationContext;+9
j  com.team3.project.ProjectApplication.main([Ljava/lang/String;)V+3
v  ~StubRoutines::call_stub

---------------  P R O C E S S  ---------------

Threads class SMR info:
_java_thread_list=0x000002b518f80150, length=23, elements={
0x000002b4bb75d860, 0x000002b4d28369f0, 0x000002b4d2837670, 0x000002b4d298e3c0,
0x000002b4d298ec90, 0x000002b4d298f560, 0x000002b4d2990240, 0x000002b4d29980d0,
0x000002b4d29a09f0, 0x000002b4d2a030c0, 0x000002b4d2820250, 0x000002b4d2820820,
0x000002b4d2ab9b80, 0x000002b4d2b3bb60, 0x000002b4d2b40360, 0x000002b4d2b549b0,
0x000002b4d2b62480, 0x000002b51829dc60, 0x000002b518ccb070, 0x000002b518ccb590,
0x000002b518c7d1f0, 0x000002b518e8a030, 0x000002b518fbd0d0
}

Java Threads: ( => current thread )
=>0x000002b4bb75d860 JavaThread "main" [_thread_in_vm, id=18860, stack(0x000000c3b8c00000,0x000000c3b8d00000)]
  0x000002b4d28369f0 JavaThread "Reference Handler" daemon [_thread_blocked, id=43696, stack(0x000000c3b9300000,0x000000c3b9400000)]
  0x000002b4d2837670 JavaThread "Finalizer" daemon [_thread_blocked, id=41296, stack(0x000000c3b9400000,0x000000c3b9500000)]
  0x000002b4d298e3c0 JavaThread "Signal Dispatcher" daemon [_thread_blocked, id=44172, stack(0x000000c3b9500000,0x000000c3b9600000)]
  0x000002b4d298ec90 JavaThread "Attach Listener" daemon [_thread_blocked, id=32764, stack(0x000000c3b9600000,0x000000c3b9700000)]
  0x000002b4d298f560 JavaThread "Service Thread" daemon [_thread_blocked, id=10188, stack(0x000000c3b9700000,0x000000c3b9800000)]
  0x000002b4d2990240 JavaThread "Monitor Deflation Thread" daemon [_thread_blocked, id=43200, stack(0x000000c3b9800000,0x000000c3b9900000)]
  0x000002b4d29980d0 JavaThread "C1 CompilerThread0" daemon [_thread_blocked, id=38060, stack(0x000000c3b9900000,0x000000c3b9a00000)]
  0x000002b4d29a09f0 JavaThread "Sweeper thread" daemon [_thread_blocked, id=43492, stack(0x000000c3b9a00000,0x000000c3b9b00000)]
  0x000002b4d2a030c0 JavaThread "Common-Cleaner" daemon [_thread_blocked, id=42588, stack(0x000000c3b9b00000,0x000000c3b9c00000)]
  0x000002b4d2820250 JavaThread "C1 CompilerThread1" daemon [_thread_blocked, id=37680, stack(0x000000c3b9c00000,0x000000c3b9d00000)]
  0x000002b4d2820820 JavaThread "C1 CompilerThread2" daemon [_thread_blocked, id=17016, stack(0x000000c3b9d00000,0x000000c3b9e00000)]
  0x000002b4d2ab9b80 JavaThread "C1 CompilerThread3" daemon [_thread_blocked, id=8972, stack(0x000000c3b9e00000,0x000000c3b9f00000)]
  0x000002b4d2b3bb60 JavaThread "JDWP Transport Listener: dt_socket" daemon [_thread_blocked, id=35832, stack(0x000000c3b9f00000,0x000000c3ba000000)]
  0x000002b4d2b40360 JavaThread "JDWP Event Helper Thread" daemon [_thread_blocked, id=27228, stack(0x000000c3ba000000,0x000000c3ba100000)]
  0x000002b4d2b549b0 JavaThread "JDWP Command Reader" daemon [_thread_in_native, id=43368, stack(0x000000c3ba100000,0x000000c3ba200000)]
  0x000002b4d2b62480 JavaThread "Notification Thread" daemon [_thread_blocked, id=43648, stack(0x000000c3ba200000,0x000000c3ba300000)]
  0x000002b51829dc60 JavaThread "RMI TCP Accept-0" daemon [_thread_in_native, id=34860, stack(0x000000c3ba300000,0x000000c3ba400000)]
  0x000002b518ccb070 JavaThread "C1 CompilerThread4" daemon [_thread_blocked, id=44764, stack(0x000000c3bb200000,0x000000c3bb300000)]
  0x000002b518ccb590 JavaThread "C1 CompilerThread5" daemon [_thread_blocked, id=28456, stack(0x000000c3bb300000,0x000000c3bb400000)]
  0x000002b518c7d1f0 JavaThread "C1 CompilerThread6" daemon [_thread_blocked, id=44932, stack(0x000000c3bb400000,0x000000c3bb500000)]
  0x000002b518e8a030 JavaThread "RMI TCP Connection(1)-139.30.189.224" daemon [_thread_in_native, id=42860, stack(0x000000c3bb500000,0x000000c3bb600000)]
  0x000002b518fbd0d0 JavaThread "RMI Scheduler(0)" daemon [_thread_blocked, id=8468, stack(0x000000c3bb700000,0x000000c3bb800000)]

Other Threads:
  0x000002b4d2830ee0 VMThread "VM Thread" [stack: 0x000000c3b9200000,0x000000c3b9300000] [id=43508] _threads_hazard_ptr=0x000002b518f80150
  0x000002b4bb7ef950 WatcherThread [stack: 0x000000c3ba400000,0x000000c3ba500000] [id=10908]
  0x000002b4bb7c9260 GCTaskThread "GC Thread#0" [stack: 0x000000c3b8d00000,0x000000c3b8e00000] [id=38700]
  0x000002b518570fa0 GCTaskThread "GC Thread#1" [stack: 0x000000c3ba500000,0x000000c3ba600000] [id=44220]
  0x000002b518591ef0 GCTaskThread "GC Thread#2" [stack: 0x000000c3ba600000,0x000000c3ba700000] [id=44536]
  0x000002b5185927c0 GCTaskThread "GC Thread#3" [stack: 0x000000c3ba700000,0x000000c3ba800000] [id=32904]
  0x000002b518592a80 GCTaskThread "GC Thread#4" [stack: 0x000000c3ba800000,0x000000c3ba900000] [id=42008]
  0x000002b5185c42b0 GCTaskThread "GC Thread#5" [stack: 0x000000c3ba900000,0x000000c3baa00000] [id=1900]
  0x000002b5185c5580 GCTaskThread "GC Thread#6" [stack: 0x000000c3baa00000,0x000000c3bab00000] [id=43296]
  0x000002b5185c5840 GCTaskThread "GC Thread#7" [stack: 0x000000c3bab00000,0x000000c3bac00000] [id=25492]
  0x000002b5185c5b00 GCTaskThread "GC Thread#8" [stack: 0x000000c3bac00000,0x000000c3bad00000] [id=11528]
  0x000002b5185c5dc0 GCTaskThread "GC Thread#9" [stack: 0x000000c3bad00000,0x000000c3bae00000] [id=26092]
  0x000002b5185c6080 GCTaskThread "GC Thread#10" [stack: 0x000000c3bae00000,0x000000c3baf00000] [id=18356]
  0x000002b5185c6340 GCTaskThread "GC Thread#11" [stack: 0x000000c3baf00000,0x000000c3bb000000] [id=45008]
  0x000002b5185cb230 GCTaskThread "GC Thread#12" [stack: 0x000000c3bb000000,0x000000c3bb100000] [id=25332]
  0x000002b4bb7d94f0 ConcurrentGCThread "G1 Main Marker" [stack: 0x000000c3b8e00000,0x000000c3b8f00000] [id=43348]
  0x000002b4bb7db5b0 ConcurrentGCThread "G1 Conc#0" [stack: 0x000000c3b8f00000,0x000000c3b9000000] [id=41992]
  0x000002b518789990 ConcurrentGCThread "G1 Conc#1" [stack: 0x000000c3bb100000,0x000000c3bb200000] [id=27308]
  0x000002b51878a750 ConcurrentGCThread "G1 Conc#2" [stack: 0x000000c3bb600000,0x000000c3bb700000] [id=21656]
  0x000002b4d26e81d0 ConcurrentGCThread "G1 Refine#0" [stack: 0x000000c3b9000000,0x000000c3b9100000] [id=20988]
  0x000002b4d26e8a10 ConcurrentGCThread "G1 Service" [stack: 0x000000c3b9100000,0x000000c3b9200000] [id=44308]

Threads with active compile tasks:

VM state: synchronizing (normal execution)

VM Mutex/Monitor currently owned by a thread:  ([mutex/lock_event])
[0x000002b4bb759600] Threads_lock - owner thread: 0x000002b4d2830ee0
[0x000002b4bb7597b0] Heap_lock - owner thread: 0x000002b4bb7d94f0

Heap address: 0x000000070bc00000, size: 3908 MB, Compressed Oops mode: Zero based, Oop shift amount: 3

CDS archive(s) mapped at: [0x000002b4d3000000-0x000002b4d3bd0000-0x000002b4d3bd0000), size 12386304, SharedBaseAddress: 0x000002b4d3000000, ArchiveRelocationMode: 1.
Compressed class space mapped at: 0x000002b4d4000000-0x000002b514000000, reserved size: 1073741824
Narrow klass base: 0x000002b4d3000000, Narrow klass shift: 0, Narrow klass range: 0x100000000

GC Precious Log:
 CPUs: 16 total, 16 available
 Memory: 15628M
 Large Page Support: Disabled
 NUMA Support: Disabled
 Compressed Oops: Enabled (Zero based)
 Heap Region Size: 2M
 Heap Min Capacity: 8M
 Heap Initial Capacity: 246M
 Heap Max Capacity: 3908M
 Pre-touch: Disabled
 Parallel Workers: 13
 Concurrent Workers: 3
 Concurrent Refinement Workers: 13
 Periodic GC: Disabled

Heap:
 garbage-first heap   total 251904K, used 12551K [0x000000070bc00000, 0x0000000800000000)
  region size 2048K, 5 young (10240K), 4 survivors (8192K)
 Metaspace       used 21213K, committed 21568K, reserved 1114112K
  class space    used 2816K, committed 3008K, reserved 1048576K

Heap Regions: E=young(eden), S=young(survivor), O=old, HS=humongous(starts), HC=humongous(continues), CS=collection set, F=free, OA=open archive, CA=closed archive, TAMS=top-at-mark-start (previous, next)
|   0|0x000000070bc00000, 0x000000070be00000, 0x000000070be00000|100%| O|  |TAMS 0x000000070bc00000, 0x000000070be00000| Untracked 
|   1|0x000000070be00000, 0x000000070c000000, 0x000000070c000000|100%| O|  |TAMS 0x000000070be00000, 0x000000070c000000| Untracked 
|   2|0x000000070c000000, 0x000000070c200000, 0x000000070c200000|100%| O|  |TAMS 0x000000070c000000, 0x000000070c200000| Untracked 
|   3|0x000000070c200000, 0x000000070c20e000, 0x000000070c400000|  2%| O|  |TAMS 0x000000070c200000, 0x000000070c20e000| Untracked 
|   4|0x000000070c400000, 0x000000070c400000, 0x000000070c600000|  0%| F|  |TAMS 0x000000070c400000, 0x000000070c400000| Untracked 
|   5|0x000000070c600000, 0x000000070c600000, 0x000000070c800000|  0%| F|  |TAMS 0x000000070c600000, 0x000000070c600000| Untracked 
|   6|0x000000070c800000, 0x000000070c800000, 0x000000070ca00000|  0%| F|  |TAMS 0x000000070c800000, 0x000000070c800000| Untracked 
|   7|0x000000070ca00000, 0x000000070ca00000, 0x000000070cc00000|  0%| F|  |TAMS 0x000000070ca00000, 0x000000070ca00000| Untracked 
|   8|0x000000070cc00000, 0x000000070cc00000, 0x000000070ce00000|  0%| F|  |TAMS 0x000000070cc00000, 0x000000070cc00000| Untracked 
|   9|0x000000070ce00000, 0x000000070ce00000, 0x000000070d000000|  0%| F|  |TAMS 0x000000070ce00000, 0x000000070ce00000| Untracked 
|  10|0x000000070d000000, 0x000000070d000000, 0x000000070d200000|  0%| F|  |TAMS 0x000000070d000000, 0x000000070d000000| Untracked 
|  11|0x000000070d200000, 0x000000070d200000, 0x000000070d400000|  0%| F|  |TAMS 0x000000070d200000, 0x000000070d200000| Untracked 
|  12|0x000000070d400000, 0x000000070d400000, 0x000000070d600000|  0%| F|  |TAMS 0x000000070d400000, 0x000000070d400000| Untracked 
|  13|0x000000070d600000, 0x000000070d600000, 0x000000070d800000|  0%| F|  |TAMS 0x000000070d600000, 0x000000070d600000| Untracked 
|  14|0x000000070d800000, 0x000000070d800000, 0x000000070da00000|  0%| F|  |TAMS 0x000000070d800000, 0x000000070d800000| Untracked 
|  15|0x000000070da00000, 0x000000070da00000, 0x000000070dc00000|  0%| F|  |TAMS 0x000000070da00000, 0x000000070da00000| Untracked 
|  16|0x000000070dc00000, 0x000000070dc00000, 0x000000070de00000|  0%| F|  |TAMS 0x000000070dc00000, 0x000000070dc00000| Untracked 
|  17|0x000000070de00000, 0x000000070de00000, 0x000000070e000000|  0%| F|  |TAMS 0x000000070de00000, 0x000000070de00000| Untracked 
|  18|0x000000070e000000, 0x000000070e000000, 0x000000070e200000|  0%| F|  |TAMS 0x000000070e000000, 0x000000070e000000| Untracked 
|  19|0x000000070e200000, 0x000000070e200000, 0x000000070e400000|  0%| F|  |TAMS 0x000000070e200000, 0x000000070e200000| Untracked 
|  20|0x000000070e400000, 0x000000070e400000, 0x000000070e600000|  0%| F|  |TAMS 0x000000070e400000, 0x000000070e400000| Untracked 
|  21|0x000000070e600000, 0x000000070e600000, 0x000000070e800000|  0%| F|  |TAMS 0x000000070e600000, 0x000000070e600000| Untracked 
|  22|0x000000070e800000, 0x000000070e800000, 0x000000070ea00000|  0%| F|  |TAMS 0x000000070e800000, 0x000000070e800000| Untracked 
|  23|0x000000070ea00000, 0x000000070ea00000, 0x000000070ec00000|  0%| F|  |TAMS 0x000000070ea00000, 0x000000070ea00000| Untracked 
|  24|0x000000070ec00000, 0x000000070ec00000, 0x000000070ee00000|  0%| F|  |TAMS 0x000000070ec00000, 0x000000070ec00000| Untracked 
|  25|0x000000070ee00000, 0x000000070ee00000, 0x000000070f000000|  0%| F|  |TAMS 0x000000070ee00000, 0x000000070ee00000| Untracked 
|  26|0x000000070f000000, 0x000000070f000000, 0x000000070f200000|  0%| F|  |TAMS 0x000000070f000000, 0x000000070f000000| Untracked 
|  27|0x000000070f200000, 0x000000070f200000, 0x000000070f400000|  0%| F|  |TAMS 0x000000070f200000, 0x000000070f200000| Untracked 
|  28|0x000000070f400000, 0x000000070f400000, 0x000000070f600000|  0%| F|  |TAMS 0x000000070f400000, 0x000000070f400000| Untracked 
|  29|0x000000070f600000, 0x000000070f600000, 0x000000070f800000|  0%| F|  |TAMS 0x000000070f600000, 0x000000070f600000| Untracked 
|  30|0x000000070f800000, 0x000000070f800000, 0x000000070fa00000|  0%| F|  |TAMS 0x000000070f800000, 0x000000070f800000| Untracked 
|  31|0x000000070fa00000, 0x000000070fa00000, 0x000000070fc00000|  0%| F|  |TAMS 0x000000070fa00000, 0x000000070fa00000| Untracked 
|  32|0x000000070fc00000, 0x000000070fc00000, 0x000000070fe00000|  0%| F|  |TAMS 0x000000070fc00000, 0x000000070fc00000| Untracked 
|  33|0x000000070fe00000, 0x000000070fe00000, 0x0000000710000000|  0%| F|  |TAMS 0x000000070fe00000, 0x000000070fe00000| Untracked 
|  34|0x0000000710000000, 0x0000000710000000, 0x0000000710200000|  0%| F|  |TAMS 0x0000000710000000, 0x0000000710000000| Untracked 
|  35|0x0000000710200000, 0x0000000710200000, 0x0000000710400000|  0%| F|  |TAMS 0x0000000710200000, 0x0000000710200000| Untracked 
|  36|0x0000000710400000, 0x0000000710400000, 0x0000000710600000|  0%| F|  |TAMS 0x0000000710400000, 0x0000000710400000| Untracked 
|  37|0x0000000710600000, 0x0000000710600000, 0x0000000710800000|  0%| F|  |TAMS 0x0000000710600000, 0x0000000710600000| Untracked 
|  38|0x0000000710800000, 0x0000000710800000, 0x0000000710a00000|  0%| F|  |TAMS 0x0000000710800000, 0x0000000710800000| Untracked 
|  39|0x0000000710a00000, 0x0000000710a00000, 0x0000000710c00000|  0%| F|  |TAMS 0x0000000710a00000, 0x0000000710a00000| Untracked 
|  40|0x0000000710c00000, 0x0000000710c00000, 0x0000000710e00000|  0%| F|  |TAMS 0x0000000710c00000, 0x0000000710c00000| Untracked 
|  41|0x0000000710e00000, 0x0000000710e00000, 0x0000000711000000|  0%| F|  |TAMS 0x0000000710e00000, 0x0000000710e00000| Untracked 
|  42|0x0000000711000000, 0x0000000711000000, 0x0000000711200000|  0%| F|  |TAMS 0x0000000711000000, 0x0000000711000000| Untracked 
|  43|0x0000000711200000, 0x0000000711200000, 0x0000000711400000|  0%| F|  |TAMS 0x0000000711200000, 0x0000000711200000| Untracked 
|  44|0x0000000711400000, 0x0000000711400000, 0x0000000711600000|  0%| F|  |TAMS 0x0000000711400000, 0x0000000711400000| Untracked 
|  45|0x0000000711600000, 0x0000000711600000, 0x0000000711800000|  0%| F|  |TAMS 0x0000000711600000, 0x0000000711600000| Untracked 
|  46|0x0000000711800000, 0x0000000711800000, 0x0000000711a00000|  0%| F|  |TAMS 0x0000000711800000, 0x0000000711800000| Untracked 
|  47|0x0000000711a00000, 0x0000000711a00000, 0x0000000711c00000|  0%| F|  |TAMS 0x0000000711a00000, 0x0000000711a00000| Untracked 
|  48|0x0000000711c00000, 0x0000000711c00000, 0x0000000711e00000|  0%| F|  |TAMS 0x0000000711c00000, 0x0000000711c00000| Untracked 
|  49|0x0000000711e00000, 0x0000000711e00000, 0x0000000712000000|  0%| F|  |TAMS 0x0000000711e00000, 0x0000000711e00000| Untracked 
|  50|0x0000000712000000, 0x0000000712000000, 0x0000000712200000|  0%| F|  |TAMS 0x0000000712000000, 0x0000000712000000| Untracked 
|  51|0x0000000712200000, 0x0000000712200000, 0x0000000712400000|  0%| F|  |TAMS 0x0000000712200000, 0x0000000712200000| Untracked 
|  52|0x0000000712400000, 0x0000000712400000, 0x0000000712600000|  0%| F|  |TAMS 0x0000000712400000, 0x0000000712400000| Untracked 
|  53|0x0000000712600000, 0x0000000712600000, 0x0000000712800000|  0%| F|  |TAMS 0x0000000712600000, 0x0000000712600000| Untracked 
|  54|0x0000000712800000, 0x0000000712800000, 0x0000000712a00000|  0%| F|  |TAMS 0x0000000712800000, 0x0000000712800000| Untracked 
|  55|0x0000000712a00000, 0x0000000712a00000, 0x0000000712c00000|  0%| F|  |TAMS 0x0000000712a00000, 0x0000000712a00000| Untracked 
|  56|0x0000000712c00000, 0x0000000712c00000, 0x0000000712e00000|  0%| F|  |TAMS 0x0000000712c00000, 0x0000000712c00000| Untracked 
|  57|0x0000000712e00000, 0x0000000712e00000, 0x0000000713000000|  0%| F|  |TAMS 0x0000000712e00000, 0x0000000712e00000| Untracked 
|  58|0x0000000713000000, 0x0000000713000000, 0x0000000713200000|  0%| F|  |TAMS 0x0000000713000000, 0x0000000713000000| Untracked 
|  59|0x0000000713200000, 0x0000000713200000, 0x0000000713400000|  0%| F|  |TAMS 0x0000000713200000, 0x0000000713200000| Untracked 
|  60|0x0000000713400000, 0x0000000713400000, 0x0000000713600000|  0%| F|  |TAMS 0x0000000713400000, 0x0000000713400000| Untracked 
|  61|0x0000000713600000, 0x0000000713600000, 0x0000000713800000|  0%| F|  |TAMS 0x0000000713600000, 0x0000000713600000| Untracked 
|  62|0x0000000713800000, 0x0000000713800000, 0x0000000713a00000|  0%| F|  |TAMS 0x0000000713800000, 0x0000000713800000| Untracked 
|  63|0x0000000713a00000, 0x0000000713a00000, 0x0000000713c00000|  0%| F|  |TAMS 0x0000000713a00000, 0x0000000713a00000| Untracked 
|  64|0x0000000713c00000, 0x0000000713c00000, 0x0000000713e00000|  0%| F|  |TAMS 0x0000000713c00000, 0x0000000713c00000| Untracked 
|  65|0x0000000713e00000, 0x0000000713e00000, 0x0000000714000000|  0%| F|  |TAMS 0x0000000713e00000, 0x0000000713e00000| Untracked 
|  66|0x0000000714000000, 0x0000000714000000, 0x0000000714200000|  0%| F|  |TAMS 0x0000000714000000, 0x0000000714000000| Untracked 
|  67|0x0000000714200000, 0x0000000714200000, 0x0000000714400000|  0%| F|  |TAMS 0x0000000714200000, 0x0000000714200000| Untracked 
|  68|0x0000000714400000, 0x0000000714400000, 0x0000000714600000|  0%| F|  |TAMS 0x0000000714400000, 0x0000000714400000| Untracked 
|  69|0x0000000714600000, 0x0000000714600000, 0x0000000714800000|  0%| F|  |TAMS 0x0000000714600000, 0x0000000714600000| Untracked 
|  70|0x0000000714800000, 0x0000000714800000, 0x0000000714a00000|  0%| F|  |TAMS 0x0000000714800000, 0x0000000714800000| Untracked 
|  71|0x0000000714a00000, 0x0000000714a00000, 0x0000000714c00000|  0%| F|  |TAMS 0x0000000714a00000, 0x0000000714a00000| Untracked 
|  72|0x0000000714c00000, 0x0000000714c00000, 0x0000000714e00000|  0%| F|  |TAMS 0x0000000714c00000, 0x0000000714c00000| Untracked 
|  73|0x0000000714e00000, 0x0000000714e00000, 0x0000000715000000|  0%| F|  |TAMS 0x0000000714e00000, 0x0000000714e00000| Untracked 
|  74|0x0000000715000000, 0x0000000715000000, 0x0000000715200000|  0%| F|  |TAMS 0x0000000715000000, 0x0000000715000000| Untracked 
|  75|0x0000000715200000, 0x0000000715200000, 0x0000000715400000|  0%| F|  |TAMS 0x0000000715200000, 0x0000000715200000| Untracked 
|  76|0x0000000715400000, 0x0000000715400000, 0x0000000715600000|  0%| F|  |TAMS 0x0000000715400000, 0x0000000715400000| Untracked 
|  77|0x0000000715600000, 0x0000000715600000, 0x0000000715800000|  0%| F|  |TAMS 0x0000000715600000, 0x0000000715600000| Untracked 
|  78|0x0000000715800000, 0x0000000715800000, 0x0000000715a00000|  0%| F|  |TAMS 0x0000000715800000, 0x0000000715800000| Untracked 
|  79|0x0000000715a00000, 0x0000000715a00000, 0x0000000715c00000|  0%| F|  |TAMS 0x0000000715a00000, 0x0000000715a00000| Untracked 
|  80|0x0000000715c00000, 0x0000000715c00000, 0x0000000715e00000|  0%| F|  |TAMS 0x0000000715c00000, 0x0000000715c00000| Untracked 
|  81|0x0000000715e00000, 0x0000000715e00000, 0x0000000716000000|  0%| F|  |TAMS 0x0000000715e00000, 0x0000000715e00000| Untracked 
|  82|0x0000000716000000, 0x0000000716033d20, 0x0000000716200000| 10%| S|CS|TAMS 0x0000000716000000, 0x0000000716000000| Complete 
|  83|0x0000000716200000, 0x0000000716400000, 0x0000000716400000|100%| S|CS|TAMS 0x0000000716200000, 0x0000000716200000| Complete 
|  84|0x0000000716400000, 0x0000000716600000, 0x0000000716600000|100%| S|CS|TAMS 0x0000000716400000, 0x0000000716400000| Complete 
|  85|0x0000000716600000, 0x0000000716800000, 0x0000000716800000|100%| S|CS|TAMS 0x0000000716600000, 0x0000000716600000| Complete 
|  86|0x0000000716800000, 0x0000000716800000, 0x0000000716a00000|  0%| F|  |TAMS 0x0000000716800000, 0x0000000716800000| Untracked 
|  87|0x0000000716a00000, 0x0000000716a00000, 0x0000000716c00000|  0%| F|  |TAMS 0x0000000716a00000, 0x0000000716a00000| Untracked 
|  88|0x0000000716c00000, 0x0000000716c00000, 0x0000000716e00000|  0%| F|  |TAMS 0x0000000716c00000, 0x0000000716c00000| Untracked 
|  89|0x0000000716e00000, 0x0000000716e00000, 0x0000000717000000|  0%| F|  |TAMS 0x0000000716e00000, 0x0000000716e00000| Untracked 
|  90|0x0000000717000000, 0x0000000717000000, 0x0000000717200000|  0%| F|  |TAMS 0x0000000717000000, 0x0000000717000000| Untracked 
|  91|0x0000000717200000, 0x0000000717200000, 0x0000000717400000|  0%| F|  |TAMS 0x0000000717200000, 0x0000000717200000| Untracked 
|  92|0x0000000717400000, 0x0000000717400000, 0x0000000717600000|  0%| F|  |TAMS 0x0000000717400000, 0x0000000717400000| Untracked 
|  93|0x0000000717600000, 0x0000000717600000, 0x0000000717800000|  0%| F|  |TAMS 0x0000000717600000, 0x0000000717600000| Untracked 
|  94|0x0000000717800000, 0x0000000717800000, 0x0000000717a00000|  0%| F|  |TAMS 0x0000000717800000, 0x0000000717800000| Untracked 
|  95|0x0000000717a00000, 0x0000000717a00000, 0x0000000717c00000|  0%| F|  |TAMS 0x0000000717a00000, 0x0000000717a00000| Untracked 
|  96|0x0000000717c00000, 0x0000000717c00000, 0x0000000717e00000|  0%| F|  |TAMS 0x0000000717c00000, 0x0000000717c00000| Untracked 
|  97|0x0000000717e00000, 0x0000000717e00000, 0x0000000718000000|  0%| F|  |TAMS 0x0000000717e00000, 0x0000000717e00000| Untracked 
|  98|0x0000000718000000, 0x0000000718000000, 0x0000000718200000|  0%| F|  |TAMS 0x0000000718000000, 0x0000000718000000| Untracked 
|  99|0x0000000718200000, 0x0000000718200000, 0x0000000718400000|  0%| F|  |TAMS 0x0000000718200000, 0x0000000718200000| Untracked 
| 100|0x0000000718400000, 0x0000000718400000, 0x0000000718600000|  0%| F|  |TAMS 0x0000000718400000, 0x0000000718400000| Untracked 
| 101|0x0000000718600000, 0x0000000718600000, 0x0000000718800000|  0%| F|  |TAMS 0x0000000718600000, 0x0000000718600000| Untracked 
| 102|0x0000000718800000, 0x0000000718800000, 0x0000000718a00000|  0%| F|  |TAMS 0x0000000718800000, 0x0000000718800000| Untracked 
| 103|0x0000000718a00000, 0x0000000718a00000, 0x0000000718c00000|  0%| F|  |TAMS 0x0000000718a00000, 0x0000000718a00000| Untracked 
| 104|0x0000000718c00000, 0x0000000718c00000, 0x0000000718e00000|  0%| F|  |TAMS 0x0000000718c00000, 0x0000000718c00000| Untracked 
| 105|0x0000000718e00000, 0x0000000718e00000, 0x0000000719000000|  0%| F|  |TAMS 0x0000000718e00000, 0x0000000718e00000| Untracked 
| 106|0x0000000719000000, 0x0000000719000000, 0x0000000719200000|  0%| F|  |TAMS 0x0000000719000000, 0x0000000719000000| Untracked 
| 107|0x0000000719200000, 0x0000000719200000, 0x0000000719400000|  0%| F|  |TAMS 0x0000000719200000, 0x0000000719200000| Untracked 
| 108|0x0000000719400000, 0x0000000719400000, 0x0000000719600000|  0%| F|  |TAMS 0x0000000719400000, 0x0000000719400000| Untracked 
| 109|0x0000000719600000, 0x0000000719600000, 0x0000000719800000|  0%| F|  |TAMS 0x0000000719600000, 0x0000000719600000| Untracked 
| 110|0x0000000719800000, 0x0000000719800000, 0x0000000719a00000|  0%| F|  |TAMS 0x0000000719800000, 0x0000000719800000| Untracked 
| 111|0x0000000719a00000, 0x0000000719a00000, 0x0000000719c00000|  0%| F|  |TAMS 0x0000000719a00000, 0x0000000719a00000| Untracked 
| 112|0x0000000719c00000, 0x0000000719c00000, 0x0000000719e00000|  0%| F|  |TAMS 0x0000000719c00000, 0x0000000719c00000| Untracked 
| 113|0x0000000719e00000, 0x0000000719e00000, 0x000000071a000000|  0%| F|  |TAMS 0x0000000719e00000, 0x0000000719e00000| Untracked 
| 114|0x000000071a000000, 0x000000071a000000, 0x000000071a200000|  0%| F|  |TAMS 0x000000071a000000, 0x000000071a000000| Untracked 
| 115|0x000000071a200000, 0x000000071a200000, 0x000000071a400000|  0%| F|  |TAMS 0x000000071a200000, 0x000000071a200000| Untracked 
| 116|0x000000071a400000, 0x000000071a400000, 0x000000071a600000|  0%| F|  |TAMS 0x000000071a400000, 0x000000071a400000| Untracked 
| 117|0x000000071a600000, 0x000000071a600000, 0x000000071a800000|  0%| F|  |TAMS 0x000000071a600000, 0x000000071a600000| Untracked 
| 118|0x000000071a800000, 0x000000071a800000, 0x000000071aa00000|  0%| F|  |TAMS 0x000000071a800000, 0x000000071a800000| Untracked 
| 119|0x000000071aa00000, 0x000000071aa00000, 0x000000071ac00000|  0%| F|  |TAMS 0x000000071aa00000, 0x000000071aa00000| Untracked 
| 120|0x000000071ac00000, 0x000000071ac00000, 0x000000071ae00000|  0%| F|  |TAMS 0x000000071ac00000, 0x000000071ac00000| Untracked 
| 121|0x000000071ae00000, 0x000000071ae00000, 0x000000071b000000|  0%| F|  |TAMS 0x000000071ae00000, 0x000000071ae00000| Untracked 
| 122|0x000000071b000000, 0x000000071b100000, 0x000000071b200000| 50%| E|  |TAMS 0x000000071b000000, 0x000000071b000000| Complete 

Card table byte_map: [0x000002b4c6e10000,0x000002b4c75c0000] _byte_map_base: 0x000002b4c35b2000

Marking Bits (Prev, Next): (CMBitMap*) 0x000002b4bb7c9780, (CMBitMap*) 0x000002b4bb7c97c0
 Prev Bits: [0x000002b4c7d70000, 0x000002b4cba80000)
 Next Bits: [0x000002b4cba80000, 0x000002b4cf790000)

Polling page: 0x000002b4b96b0000

Metaspace:

Usage:
  Non-class:     17.97 MB used.
      Class:      2.75 MB used.
       Both:     20.72 MB used.

Virtual space:
  Non-class space:       64.00 MB reserved,      18.12 MB ( 28%) committed,  1 nodes.
      Class space:        1.00 GB reserved,       2.94 MB ( <1%) committed,  1 nodes.
             Both:        1.06 GB reserved,      21.06 MB (  2%) committed. 

Chunk freelists:
   Non-Class:  13.92 MB
       Class:  13.05 MB
        Both:  26.97 MB

MaxMetaspaceSize: unlimited
CompressedClassSpaceSize: 1.00 GB
Initial GC threshold: 21.00 MB
Current GC threshold: 21.31 MB
CDS: on
MetaspaceReclaimPolicy: balanced
 - commit_granule_bytes: 65536.
 - commit_granule_words: 8192.
 - virtual_space_node_default_size: 8388608.
 - enlarge_chunks_in_place: 1.
 - new_chunks_are_fully_committed: 0.
 - uncommit_free_chunks: 1.
 - use_allocation_guard: 0.
 - handle_deallocations: 1.


Internal statistics:

num_allocs_failed_limit: 3.
num_arena_births: 334.
num_arena_deaths: 0.
num_vsnodes_births: 2.
num_vsnodes_deaths: 0.
num_space_committed: 337.
num_space_uncommitted: 0.
num_chunks_returned_to_freelist: 3.
num_chunks_taken_from_freelist: 1010.
num_chunk_merges: 3.
num_chunk_splits: 678.
num_chunks_enlarged: 498.
num_inconsistent_stats: 0.

CodeCache: size=49152Kb used=9423Kb max_used=9423Kb free=39728Kb
 bounds [0x000002b4c2ff0000, 0x000002b4c3930000, 0x000002b4c5ff0000]
 total_blobs=3460 nmethods=2947 adapters=433
 compilation: enabled
              stopped_count=0, restarted_count=0
 full_count=0

Compilation events (20 events):
Event: 1.448 Thread 0x000002b4d2820820 nmethod 2936 0x000002b4c391dd10 code [0x000002b4c391df00, 0x000002b4c391e298]
Event: 1.448 Thread 0x000002b4d29980d0 nmethod 2939 0x000002b4c391e490 code [0x000002b4c391e620, 0x000002b4c391e6f8]
Event: 1.449 Thread 0x000002b4d29980d0 2940       1       java.util.LinkedHashMap$LinkedValues::toArray (16 bytes)
Event: 1.449 Thread 0x000002b4d2820250 2941       1       java.util.LinkedHashMap::valuesToArray (38 bytes)
Event: 1.449 Thread 0x000002b4d29980d0 nmethod 2940 0x000002b4c391e790 code [0x000002b4c391e940, 0x000002b4c391ea58]
Event: 1.449 Thread 0x000002b4d2820250 nmethod 2941 0x000002b4c391eb10 code [0x000002b4c391eca0, 0x000002b4c391eeb8]
Event: 1.455 Thread 0x000002b518c7d1f0 2942   !   1       org.springframework.beans.BeanUtils::instantiateClass (208 bytes)
Event: 1.455 Thread 0x000002b518ccb590 2943   !   1       org.springframework.beans.BeanUtils::instantiateClass (83 bytes)
Event: 1.456 Thread 0x000002b518ccb590 nmethod 2943 0x000002b4c391f010 code [0x000002b4c391f2a0, 0x000002b4c391fb88]
Event: 1.456 Thread 0x000002b518c7d1f0 nmethod 2942 0x000002b4c3920290 code [0x000002b4c3920560, 0x000002b4c3921228]
Event: 1.457 Thread 0x000002b518ccb070 2944       1       org.springframework.boot.context.properties.source.ConfigurationPropertyName$Elements::getSource (5 bytes)
Event: 1.457 Thread 0x000002b518ccb070 nmethod 2944 0x000002b4c3921f10 code [0x000002b4c39220a0, 0x000002b4c3922178]
Event: 1.457 Thread 0x000002b518c7d1f0 2945       1       org.springframework.boot.autoconfigure.condition.OnBeanCondition$Spec::extract (170 bytes)
Event: 1.458 Thread 0x000002b518c7d1f0 nmethod 2945 0x000002b4c3922210 code [0x000002b4c3922480, 0x000002b4c3922d48]
Event: 1.460 Thread 0x000002b4d2ab9b80 2946       1       java.lang.String::isBlank (17 bytes)
Event: 1.460 Thread 0x000002b4d2ab9b80 nmethod 2946 0x000002b4c3923310 code [0x000002b4c39234c0, 0x000002b4c3923638]
Event: 1.463 Thread 0x000002b4d2820820 2947       1       org.springframework.util.ReflectionUtils$$Lambda$113/0x000002b4d40e8000::matches (5 bytes)
Event: 1.463 Thread 0x000002b518ccb070 2948       1       org.springframework.util.ReflectionUtils::lambda$static$0 (29 bytes)
Event: 1.463 Thread 0x000002b4d2820820 nmethod 2947 0x000002b4c3923710 code [0x000002b4c39238a0, 0x000002b4c39239f8]
Event: 1.463 Thread 0x000002b518ccb070 nmethod 2948 0x000002b4c3923b10 code [0x000002b4c3923ca0, 0x000002b4c3923dd8]

GC Heap History (6 events):
Event: 0.496 GC heap before
{Heap before GC invocations=0 (full 0):
 garbage-first heap   total 251904K, used 20480K [0x000000070bc00000, 0x0000000800000000)
  region size 2048K, 11 young (22528K), 0 survivors (0K)
 Metaspace       used 5938K, committed 6144K, reserved 1114112K
  class space    used 719K, committed 832K, reserved 1048576K
}
Event: 0.499 GC heap after
{Heap after GC invocations=1 (full 0):
 garbage-first heap   total 251904K, used 6130K [0x000000070bc00000, 0x0000000800000000)
  region size 2048K, 2 young (4096K), 2 survivors (4096K)
 Metaspace       used 5938K, committed 6144K, reserved 1114112K
  class space    used 719K, committed 832K, reserved 1048576K
}
Event: 0.806 GC heap before
{Heap before GC invocations=1 (full 0):
 garbage-first heap   total 251904K, used 30706K [0x000000070bc00000, 0x0000000800000000)
  region size 2048K, 15 young (30720K), 2 survivors (4096K)
 Metaspace       used 10841K, committed 11072K, reserved 1114112K
  class space    used 1458K, committed 1600K, reserved 1048576K
}
Event: 0.808 GC heap after
{Heap after GC invocations=2 (full 0):
 garbage-first heap   total 251904K, used 8221K [0x000000070bc00000, 0x0000000800000000)
  region size 2048K, 1 young (2048K), 1 survivors (2048K)
 Metaspace       used 10841K, committed 11072K, reserved 1114112K
  class space    used 1458K, committed 1600K, reserved 1048576K
}
Event: 1.464 GC heap before
{Heap before GC invocations=2 (full 0):
 garbage-first heap   total 251904K, used 79901K [0x000000070bc00000, 0x0000000800000000)
  region size 2048K, 37 young (75776K), 1 survivors (2048K)
 Metaspace       used 21207K, committed 21504K, reserved 1114112K
  class space    used 2815K, committed 3008K, reserved 1048576K
}
Event: 1.472 GC heap after
{Heap after GC invocations=3 (full 0):
 garbage-first heap   total 251904K, used 12551K [0x000000070bc00000, 0x0000000800000000)
  region size 2048K, 4 young (8192K), 4 survivors (8192K)
 Metaspace       used 21207K, committed 21504K, reserved 1114112K
  class space    used 2815K, committed 3008K, reserved 1048576K
}

Deoptimization events (20 events):
Event: 1.441 Thread 0x000002b4bb75d860 DEOPT PACKING pc=0x000002b4c34067dc sp=0x000000c3b8cfe4a0
Event: 1.441 Thread 0x000002b4bb75d860 DEOPT UNPACKING pc=0x000002b4c3042b43 sp=0x000000c3b8cfd978 mode 1
Event: 1.441 Thread 0x000002b4bb75d860 DEOPT PACKING pc=0x000002b4c384f5dc sp=0x000000c3b8cfe540
Event: 1.441 Thread 0x000002b4bb75d860 DEOPT UNPACKING pc=0x000002b4c3042b43 sp=0x000000c3b8cfda48 mode 1
Event: 1.441 Thread 0x000002b4bb75d860 DEOPT PACKING pc=0x000002b4c343d9e4 sp=0x000000c3b8cfda40
Event: 1.441 Thread 0x000002b4bb75d860 DEOPT UNPACKING pc=0x000002b4c3042b43 sp=0x000000c3b8cfced8 mode 1
Event: 1.441 Thread 0x000002b4bb75d860 DEOPT PACKING pc=0x000002b4c343b77c sp=0x000000c3b8cfdb10
Event: 1.441 Thread 0x000002b4bb75d860 DEOPT UNPACKING pc=0x000002b4c3042b43 sp=0x000000c3b8cfcfc8 mode 1
Event: 1.441 Thread 0x000002b4bb75d860 DEOPT PACKING pc=0x000002b4c34067dc sp=0x000000c3b8cfe4a0
Event: 1.441 Thread 0x000002b4bb75d860 DEOPT UNPACKING pc=0x000002b4c3042b43 sp=0x000000c3b8cfd978 mode 1
Event: 1.441 Thread 0x000002b4bb75d860 DEOPT PACKING pc=0x000002b4c384f5dc sp=0x000000c3b8cfe540
Event: 1.441 Thread 0x000002b4bb75d860 DEOPT UNPACKING pc=0x000002b4c3042b43 sp=0x000000c3b8cfda48 mode 1
Event: 1.461 Thread 0x000002b4bb75d860 DEOPT PACKING pc=0x000002b4c343d9e4 sp=0x000000c3b8cfda50
Event: 1.461 Thread 0x000002b4bb75d860 DEOPT UNPACKING pc=0x000002b4c3042b43 sp=0x000000c3b8cfcee8 mode 1
Event: 1.461 Thread 0x000002b4bb75d860 DEOPT PACKING pc=0x000002b4c343b77c sp=0x000000c3b8cfdb20
Event: 1.461 Thread 0x000002b4bb75d860 DEOPT UNPACKING pc=0x000002b4c3042b43 sp=0x000000c3b8cfcfd8 mode 1
Event: 1.461 Thread 0x000002b4bb75d860 DEOPT PACKING pc=0x000002b4c34067dc sp=0x000000c3b8cfe4b0
Event: 1.461 Thread 0x000002b4bb75d860 DEOPT UNPACKING pc=0x000002b4c3042b43 sp=0x000000c3b8cfd988 mode 1
Event: 1.461 Thread 0x000002b4bb75d860 DEOPT PACKING pc=0x000002b4c3838a3c sp=0x000000c3b8cfe550
Event: 1.461 Thread 0x000002b4bb75d860 DEOPT UNPACKING pc=0x000002b4c3042b43 sp=0x000000c3b8cfdba0 mode 1

Classes unloaded (0 events):
No events

Classes redefined (0 events):
No events

Internal exceptions (20 events):
Event: 0.765 Thread 0x000002b4bb75d860 Exception <a 'java/lang/NoSuchMethodError'{0x0000000719ccc170}: 'void java.lang.invoke.DirectMethodHandle$Holder.invokeSpecial(java.lang.Object, java.lang.Object, java.lang.Object, java.lang.Object, java.lang.Object)'> (0x0000000719ccc170) 
thrown [s\open\src\hotspot\share\interpreter\linkResolver.cpp, line 759]
Event: 0.765 Thread 0x000002b4bb75d860 Exception <a 'java/lang/NoSuchMethodError'{0x0000000719cd4700}: 'void java.lang.invoke.DirectMethodHandle$Holder.invokeVirtual(java.lang.Object, java.lang.Object, java.lang.Object, java.lang.Object)'> (0x0000000719cd4700) 
thrown [s\open\src\hotspot\share\interpreter\linkResolver.cpp, line 759]
Event: 0.787 Thread 0x000002b4bb75d860 Exception <a 'java/lang/NoSuchMethodError'{0x0000000719662288}: 'void java.lang.invoke.DirectMethodHandle$Holder.invokeSpecial(java.lang.Object, java.lang.Object, java.lang.Object)'> (0x0000000719662288) 
thrown [s\open\src\hotspot\share\interpreter\linkResolver.cpp, line 759]
Event: 0.790 Thread 0x000002b4bb75d860 Exception <a 'java/lang/IncompatibleClassChangeError'{0x0000000719693760}: Found class java.lang.Object, but interface was expected> (0x0000000719693760) 
thrown [s\open\src\hotspot\share\interpreter\linkResolver.cpp, line 826]
Event: 0.791 Thread 0x000002b518b5ab00 Exception <a 'java/lang/NoClassDefFoundError'{0x0000000719714e50}: jakarta/validation/Validation> (0x0000000719714e50) 
thrown [s\open\src\hotspot\share\classfile\systemDictionary.cpp, line 245]
Event: 0.847 Thread 0x000002b4bb75d860 Exception <a 'java/lang/NoSuchMethodError'{0x000000071a684608}: 'java.lang.Object java.lang.invoke.DirectMethodHandle$Holder.invokeStatic(java.lang.Object, int, java.lang.Object)'> (0x000000071a684608) 
thrown [s\open\src\hotspot\share\interpreter\linkResolver.cpp, line 759]
Event: 0.957 Thread 0x000002b4bb75d860 Exception <a 'sun/nio/fs/WindowsException'{0x00000007197bde60}> (0x00000007197bde60) 
thrown [s\open\src\hotspot\share\prims\jni.cpp, line 516]
Event: 0.957 Thread 0x000002b4bb75d860 Exception <a 'java/lang/NoSuchMethodError'{0x00000007197bf4d8}: 'int java.lang.invoke.DirectMethodHandle$Holder.invokeSpecial(java.lang.Object, java.lang.Object, java.lang.Object, java.lang.Object, java.lang.Object)'> (0x00000007197bf4d8) 
thrown [s\open\src\hotspot\share\interpreter\linkResolver.cpp, line 759]
Event: 0.959 Thread 0x000002b4bb75d860 Exception <a 'java/lang/NoSuchMethodError'{0x000000071959afa0}: 'void java.lang.invoke.DirectMethodHandle$Holder.invokeVirtual(java.lang.Object, java.lang.Object)'> (0x000000071959afa0) 
thrown [s\open\src\hotspot\share\interpreter\linkResolver.cpp, line 759]
Event: 0.986 Thread 0x000002b518b5ab00 Exception <a 'java/lang/NoSuchMethodError'{0x0000000718f71540}: 'long java.lang.invoke.DirectMethodHandle$Holder.invokeSpecial(java.lang.Object, java.lang.Object)'> (0x0000000718f71540) 
thrown [s\open\src\hotspot\share\interpreter\linkResolver.cpp, line 759]
Event: 0.987 Thread 0x000002b518b5ab00 Exception <a 'java/lang/NoSuchMethodError'{0x0000000718f7c390}: 'long java.lang.invoke.DirectMethodHandle$Holder.invokeStatic(java.lang.Object, java.lang.Object)'> (0x0000000718f7c390) 
thrown [s\open\src\hotspot\share\interpreter\linkResolver.cpp, line 759]
Event: 0.987 Thread 0x000002b518b5ab00 Exception <a 'java/lang/NoSuchMethodError'{0x0000000718f7f990}: 'long java.lang.invoke.DirectMethodHandle$Holder.invokeStaticInit(java.lang.Object, java.lang.Object)'> (0x0000000718f7f990) 
thrown [s\open\src\hotspot\share\interpreter\linkResolver.cpp, line 759]
Event: 0.989 Thread 0x000002b518b5ab00 Exception <a 'java/lang/NoSuchMethodError'{0x0000000718f8d538}: 'long java.lang.invoke.DirectMethodHandle$Holder.invokeInterface(java.lang.Object, java.lang.Object)'> (0x0000000718f8d538) 
thrown [s\open\src\hotspot\share\interpreter\linkResolver.cpp, line 759]
Event: 0.989 Thread 0x000002b518b5ab00 Exception <a 'java/lang/IncompatibleClassChangeError'{0x0000000718f90ac8}: Found class java.lang.Object, but interface was expected> (0x0000000718f90ac8) 
thrown [s\open\src\hotspot\share\interpreter\linkResolver.cpp, line 826]
Event: 1.000 Thread 0x000002b518b5ab00 Exception <a 'java/lang/NoSuchMethodError'{0x0000000718d6b170}: 'java.lang.Object java.lang.invoke.DirectMethodHandle$Holder.invokeVirtual(java.lang.Object, java.lang.Object, java.lang.Object, java.lang.Object)'> (0x0000000718d6b170) 
thrown [s\open\src\hotspot\share\interpreter\linkResolver.cpp, line 759]
Event: 1.078 Thread 0x000002b518e8a030 Exception <a 'java/lang/NoSuchMethodError'{0x00000007185065b0}: static [B.<clinit>()V> (0x00000007185065b0) 
thrown [s\open\src\hotspot\share\prims\jni.cpp, line 1107]
Event: 1.086 Thread 0x000002b518e8a030 Exception <a 'java/lang/ClassNotFoundException'{0x000000071853dad8}: javax/management/remote/rmi/RMIConnectionImpl_Skel> (0x000000071853dad8) 
thrown [s\open\src\hotspot\share\classfile\systemDictionary.cpp, line 256]
Event: 1.093 Thread 0x000002b518e8a030 Exception <a 'java/lang/reflect/InvocationTargetException'{0x0000000718579f08}> (0x0000000718579f08) 
thrown [s\open\src\hotspot\share\runtime\reflection.cpp, line 1121]
Event: 1.096 Thread 0x000002b518e8a030 Exception <a 'java/lang/NoSuchMethodError'{0x0000000718148568}: static [Ljava/lang/StackTraceElement;.<clinit>()V> (0x0000000718148568) 
thrown [s\open\src\hotspot\share\prims\jni.cpp, line 1107]
Event: 1.117 Thread 0x000002b4bb75d860 Exception <a 'java/lang/IncompatibleClassChangeError'{0x0000000717f4bea0}: Found class java.lang.Object, but interface was expected> (0x0000000717f4bea0) 
thrown [s\open\src\hotspot\share\interpreter\linkResolver.cpp, line 826]

VM Operations (20 events):
Event: 0.783 Executing VM operation: HandshakeAllThreads
Event: 0.783 Executing VM operation: HandshakeAllThreads done
Event: 0.786 Executing VM operation: HandshakeAllThreads
Event: 0.786 Executing VM operation: HandshakeAllThreads done
Event: 0.806 Executing VM operation: G1CollectForAllocation
Event: 0.808 Executing VM operation: G1CollectForAllocation done
Event: 0.911 Executing VM operation: HandshakeAllThreads
Event: 0.911 Executing VM operation: HandshakeAllThreads done
Event: 0.943 Executing VM operation: HandshakeAllThreads
Event: 0.943 Executing VM operation: HandshakeAllThreads done
Event: 1.054 Executing VM operation: HandshakeAllThreads
Event: 1.054 Executing VM operation: HandshakeAllThreads done
Event: 1.086 Executing VM operation: HandshakeAllThreads
Event: 1.086 Executing VM operation: HandshakeAllThreads done
Event: 1.205 Executing VM operation: ICBufferFull
Event: 1.205 Executing VM operation: ICBufferFull done
Event: 1.308 Executing VM operation: HandshakeAllThreads
Event: 1.308 Executing VM operation: HandshakeAllThreads done
Event: 1.464 Executing VM operation: CollectForMetadataAllocation
Event: 1.472 Executing VM operation: CollectForMetadataAllocation done

Events (20 events):
Event: 1.458 loading class org/springframework/boot/autoconfigure/task/TaskSchedulingProperties$Pool
Event: 1.458 loading class org/springframework/boot/autoconfigure/task/TaskSchedulingProperties$Pool done
Event: 1.459 loading class org/springframework/boot/autoconfigure/task/TaskSchedulingProperties$Simple
Event: 1.459 loading class org/springframework/boot/autoconfigure/task/TaskSchedulingProperties$Simple done
Event: 1.459 loading class org/springframework/boot/autoconfigure/task/TaskSchedulingProperties$Shutdown
Event: 1.459 loading class org/springframework/boot/autoconfigure/task/TaskSchedulingProperties$Shutdown done
Event: 1.460 loading class org/webjars/WebJarAssetLocator
Event: 1.460 loading class org/webjars/WebJarAssetLocator done
Event: 1.461 loading class org/springframework/boot/autoconfigure/task/TaskSchedulingAutoConfiguration
Event: 1.461 loading class org/springframework/boot/autoconfigure/task/TaskSchedulingAutoConfiguration done
Event: 1.462 loading class org/springframework/boot/autoconfigure/thymeleaf/ThymeleafAutoConfiguration$ThymeleafWebMvcConfiguration$ThymeleafViewResolverConfiguration
Event: 1.462 loading class org/springframework/boot/autoconfigure/thymeleaf/ThymeleafAutoConfiguration$ThymeleafWebMvcConfiguration$ThymeleafViewResolverConfiguration done
Event: 1.462 loading class org/springframework/boot/autoconfigure/thymeleaf/ThymeleafProperties
Event: 1.462 loading class org/springframework/boot/autoconfigure/thymeleaf/ThymeleafProperties done
Event: 1.463 loading class org/thymeleaf/spring6/view/ThymeleafViewResolver
Event: 1.463 loading class org/thymeleaf/spring6/view/ThymeleafViewResolver done
Event: 1.463 loading class org/springframework/boot/autoconfigure/thymeleaf/ThymeleafAutoConfiguration$ThymeleafWebMvcConfiguration
Event: 1.463 loading class org/springframework/boot/autoconfigure/thymeleaf/ThymeleafAutoConfiguration$ThymeleafWebMvcConfiguration done
Event: 1.472 loading class org/springframework/boot/autoconfigure/thymeleaf/ThymeleafAutoConfiguration$DefaultTemplateResolverConfiguration
Event: 1.472 loading class org/springframework/boot/autoconfigure/thymeleaf/ThymeleafAutoConfiguration$DefaultTemplateResolverConfiguration done


Dynamic libraries:
0x00007ff60d520000 - 0x00007ff60d530000 	C:\Program Files\Java\jdk-17\bin\java.exe
0x00007ffbf1370000 - 0x00007ffbf1587000 	C:\WINDOWS\SYSTEM32\ntdll.dll
0x00007ffbefbb0000 - 0x00007ffbefc74000 	C:\WINDOWS\System32\KERNEL32.DLL
0x00007ffbeea00000 - 0x00007ffbeeda6000 	C:\WINDOWS\System32\KERNELBASE.dll
0x00007ffbeedb0000 - 0x00007ffbeeec1000 	C:\WINDOWS\System32\ucrtbase.dll
0x00007ffbe58b0000 - 0x00007ffbe58c9000 	C:\Program Files\Java\jdk-17\bin\jli.dll
0x00007ffbe2130000 - 0x00007ffbe214b000 	C:\Program Files\Java\jdk-17\bin\VCRUNTIME140.dll
0x00007ffbf0750000 - 0x00007ffbf0803000 	C:\WINDOWS\System32\ADVAPI32.dll
0x00007ffbefc90000 - 0x00007ffbefd37000 	C:\WINDOWS\System32\msvcrt.dll
0x00007ffbef0c0000 - 0x00007ffbef168000 	C:\WINDOWS\System32\sechost.dll
0x00007ffbee8b0000 - 0x00007ffbee8d8000 	C:\WINDOWS\System32\bcrypt.dll
0x00007ffbf09b0000 - 0x00007ffbf0ac7000 	C:\WINDOWS\System32\RPCRT4.dll
0x00007ffbef9f0000 - 0x00007ffbefb9e000 	C:\WINDOWS\System32\USER32.dll
0x00007ffbee880000 - 0x00007ffbee8a6000 	C:\WINDOWS\System32\win32u.dll
0x00007ffbf0720000 - 0x00007ffbf0749000 	C:\WINDOWS\System32\GDI32.dll
0x00007ffbee8e0000 - 0x00007ffbee9f8000 	C:\WINDOWS\System32\gdi32full.dll
0x00007ffbdf770000 - 0x00007ffbdfa03000 	C:\WINDOWS\WinSxS\amd64_microsoft.windows.common-controls_6595b64144ccf1df_6.0.22621.2506_none_270c5ae97388e100\COMCTL32.dll
0x00007ffbee7e0000 - 0x00007ffbee87a000 	C:\WINDOWS\System32\msvcp_win.dll
0x00007ffbe8310000 - 0x00007ffbe831a000 	C:\WINDOWS\SYSTEM32\VERSION.dll
0x00007ffbef7e0000 - 0x00007ffbef811000 	C:\WINDOWS\System32\IMM32.DLL
0x00007ffbec2a0000 - 0x00007ffbec2ac000 	C:\Program Files\Java\jdk-17\bin\vcruntime140_1.dll
0x00007ffbc30f0000 - 0x00007ffbc317e000 	C:\Program Files\Java\jdk-17\bin\msvcp140.dll
0x00007ffba8d00000 - 0x00007ffba98e1000 	C:\Program Files\Java\jdk-17\bin\server\jvm.dll
0x00007ffbefba0000 - 0x00007ffbefba8000 	C:\WINDOWS\System32\PSAPI.DLL
0x00007ffbec290000 - 0x00007ffbec299000 	C:\WINDOWS\SYSTEM32\WSOCK32.dll
0x00007ffbe4f80000 - 0x00007ffbe4fb4000 	C:\WINDOWS\SYSTEM32\WINMM.dll
0x00007ffbf06a0000 - 0x00007ffbf0711000 	C:\WINDOWS\System32\WS2_32.dll
0x00007ffbed6c0000 - 0x00007ffbed6d8000 	C:\WINDOWS\SYSTEM32\kernel.appcore.dll
0x00007ffbe58e0000 - 0x00007ffbe58ea000 	C:\Program Files\Java\jdk-17\bin\jimage.dll
0x00007ffbebff0000 - 0x00007ffbec223000 	C:\WINDOWS\SYSTEM32\DBGHELP.DLL
0x00007ffbef1e0000 - 0x00007ffbef569000 	C:\WINDOWS\System32\combase.dll
0x00007ffbef700000 - 0x00007ffbef7d7000 	C:\WINDOWS\System32\OLEAUT32.dll
0x00007ffbe6160000 - 0x00007ffbe6192000 	C:\WINDOWS\SYSTEM32\dbgcore.DLL
0x00007ffbeeed0000 - 0x00007ffbeef4a000 	C:\WINDOWS\System32\bcryptPrimitives.dll
0x00007ffbce150000 - 0x00007ffbce18b000 	C:\Program Files\Java\jdk-17\bin\jdwp.dll
0x00007ffbe5930000 - 0x00007ffbe593e000 	C:\Program Files\Java\jdk-17\bin\instrument.dll
0x00007ffbd7300000 - 0x00007ffbd7325000 	C:\Program Files\Java\jdk-17\bin\java.dll
0x00007ffbc8400000 - 0x00007ffbc8418000 	C:\Program Files\Java\jdk-17\bin\zip.dll
0x00007ffbabc80000 - 0x00007ffbabd57000 	C:\Program Files\Java\jdk-17\bin\jsvml.dll
0x00007ffbf0ad0000 - 0x00007ffbf132b000 	C:\WINDOWS\System32\SHELL32.dll
0x00007ffbec5c0000 - 0x00007ffbeceb6000 	C:\WINDOWS\SYSTEM32\windows.storage.dll
0x00007ffbec480000 - 0x00007ffbec5be000 	C:\WINDOWS\SYSTEM32\wintypes.dll
0x00007ffbef5f0000 - 0x00007ffbef6e3000 	C:\WINDOWS\System32\SHCORE.dll
0x00007ffbefda0000 - 0x00007ffbefdfe000 	C:\WINDOWS\System32\shlwapi.dll
0x00007ffbee5e0000 - 0x00007ffbee606000 	C:\WINDOWS\SYSTEM32\profapi.dll
0x00007ffbe5910000 - 0x00007ffbe591c000 	C:\Program Files\Java\jdk-17\bin\dt_socket.dll
0x00007ffbed110000 - 0x00007ffbed13d000 	C:\WINDOWS\SYSTEM32\IPHLPAPI.DLL
0x00007ffbedb70000 - 0x00007ffbedbd9000 	C:\WINDOWS\system32\mswsock.dll
0x00007ffbd3c60000 - 0x00007ffbd3c79000 	C:\Program Files\Java\jdk-17\bin\net.dll
0x00007ffbe9290000 - 0x00007ffbe93c7000 	C:\WINDOWS\SYSTEM32\WINHTTP.dll
0x00007ffbc9470000 - 0x00007ffbc9486000 	C:\Program Files\Java\jdk-17\bin\nio.dll
0x00007ffbed140000 - 0x00007ffbed239000 	C:\WINDOWS\SYSTEM32\DNSAPI.dll
0x00007ffbefc80000 - 0x00007ffbefc89000 	C:\WINDOWS\System32\NSI.dll
0x00007ffbe8eb0000 - 0x00007ffbe8eba000 	C:\Windows\System32\rasadhlp.dll
0x00007ffbe8350000 - 0x00007ffbe83d3000 	C:\WINDOWS\System32\fwpuclnt.dll
0x00007ffbe5920000 - 0x00007ffbe592a000 	C:\Program Files\Java\jdk-17\bin\management.dll
0x00007ffbe22f0000 - 0x00007ffbe22fb000 	C:\Program Files\Java\jdk-17\bin\management_ext.dll
0x00007ffbeddc0000 - 0x00007ffbedddb000 	C:\WINDOWS\SYSTEM32\CRYPTSP.dll
0x00007ffbed620000 - 0x00007ffbed655000 	C:\WINDOWS\system32\rsaenh.dll
0x00007ffbedc60000 - 0x00007ffbedc8c000 	C:\WINDOWS\SYSTEM32\USERENV.dll
0x00007ffbedde0000 - 0x00007ffbeddec000 	C:\WINDOWS\SYSTEM32\CRYPTBASE.dll
0x00007ffbe8fa0000 - 0x00007ffbe8fb9000 	C:\WINDOWS\SYSTEM32\dhcpcsvc6.DLL
0x00007ffbe8e80000 - 0x00007ffbe8e9f000 	C:\WINDOWS\SYSTEM32\dhcpcsvc.DLL
0x00007ffb91710000 - 0x00007ffb91727000 	C:\WINDOWS\system32\napinsp.dll
0x00007ffb90c20000 - 0x00007ffb90c3b000 	C:\WINDOWS\system32\pnrpnsp.dll
0x00007ffb90c00000 - 0x00007ffb90c11000 	C:\WINDOWS\System32\winrnr.dll
0x00007ffbbe1f0000 - 0x00007ffbbe205000 	C:\WINDOWS\system32\wshbth.dll
0x00007ffb90b90000 - 0x00007ffb90bb1000 	C:\WINDOWS\system32\nlansp_c.dll
0x00007ffbddae0000 - 0x00007ffbddaee000 	C:\Program Files\Java\jdk-17\bin\sunmscapi.dll
0x00007ffbeef50000 - 0x00007ffbef0b6000 	C:\WINDOWS\System32\CRYPT32.dll
0x00007ffbedf60000 - 0x00007ffbedf8e000 	C:\WINDOWS\SYSTEM32\ncrypt.dll
0x00007ffbedf20000 - 0x00007ffbedf57000 	C:\WINDOWS\SYSTEM32\NTASN1.dll

dbghelp: loaded successfully - version: 4.0.5 - missing functions: none
symbol engine: initialized successfully - sym options: 0x614 - pdb path: .;C:\Program Files\Java\jdk-17\bin;C:\WINDOWS\SYSTEM32;C:\WINDOWS\WinSxS\amd64_microsoft.windows.common-controls_6595b64144ccf1df_6.0.22621.2506_none_270c5ae97388e100;C:\Program Files\Java\jdk-17\bin\server

VM Arguments:
jvm_args: -agentlib:jdwp=transport=dt_socket,address=127.0.0.1:56166,suspend=y,server=n -XX:TieredStopAtLevel=1 -Dspring.output.ansi.enabled=always -Dcom.sun.management.jmxremote -Dspring.jmx.enabled=true -Dspring.liveBeansView.mbeanDomain -Dspring.application.admin.enabled=true -Dmanagement.endpoints.jmx.exposure.include=* -javaagent:C:\Users\Luza3\AppData\Local\JetBrains\IntelliJIdea2023.3\captureAgent\debugger-agent.jar -Dfile.encoding=UTF-8 
java_command: com.team3.project.ProjectApplication
java_class_path (initial): C:\Users\Luza3\IdeaProjects\projekt-team3-uebung3\Project\target\classes;C:\Users\Luza3\.m2\repository\org\springframework\boot\spring-boot-starter-web\3.2.1\spring-boot-starter-web-3.2.1.jar;C:\Users\Luza3\.m2\repository\org\springframework\boot\spring-boot-starter\3.2.1\spring-boot-starter-3.2.1.jar;C:\Users\Luza3\.m2\repository\org\springframework\boot\spring-boot\3.2.1\spring-boot-3.2.1.jar;C:\Users\Luza3\.m2\repository\org\springframework\boot\spring-boot-autoconfigure\3.2.1\spring-boot-autoconfigure-3.2.1.jar;C:\Users\Luza3\.m2\repository\org\springframework\boot\spring-boot-starter-logging\3.2.1\spring-boot-starter-logging-3.2.1.jar;C:\Users\Luza3\.m2\repository\ch\qos\logback\logback-classic\1.4.14\logback-classic-1.4.14.jar;C:\Users\Luza3\.m2\repository\ch\qos\logback\logback-core\1.4.14\logback-core-1.4.14.jar;C:\Users\Luza3\.m2\repository\org\apache\logging\log4j\log4j-to-slf4j\2.21.1\log4j-to-slf4j-2.21.1.jar;C:\Users\Luza3\.m2\repository\org\apache\logging\log4j\log4j-api\2.21.1\log4j-api-2.21.1.jar;C:\Users\Luza3\.m2\repository\org\slf4j\jul-to-slf4j\2.0.9\jul-to-slf4j-2.0.9.jar;C:\Users\Luza3\.m2\repository\jakarta\annotation\jakarta.annotation-api\2.1.1\jakarta.annotation-api-2.1.1.jar;C:\Users\Luza3\.m2\repository\org\yaml\snakeyaml\2.2\snakeyaml-2.2.jar;C:\Users\Luza3\.m2\repository\org\springframework\boot\spring-boot-starter-json\3.2.1\spring-boot-starter-json-3.2.1.jar;C:\Users\Luza3\.m2\repository\com\fasterxml\jackson\core\jackson-databind\2.15.3\jackson-databind-2.15.3.jar;C:\Users\Luza3\.m2\repository\com\fasterxml\jackson\core\jackson-annotations\2.15.3\jackson-annotations-2.15.3.jar;C:\Users\Luza3\.m2\repository\com\fasterxml\jackson\core\jackson-core\2.15.3\jackson-core-2.15.3.jar;C:\Users\Luza3\.m2\repository\com\fasterxml\jackson\datatype\jackson-datatype-jdk8\2.15.3\jackson-datatype-jdk8-2.15.3.jar;C:\Users\Luza3\.m2\repository\com\fasterxml\jackson\datatype\jackson-datatype-jsr310\2.15.3\jackson-datatype-j
Launcher Type: SUN_STANDARD

[Global flags]
     intx CICompilerCount                          = 12                                        {product} {ergonomic}
     uint ConcGCThreads                            = 3                                         {product} {ergonomic}
     uint G1ConcRefinementThreads                  = 13                                        {product} {ergonomic}
   size_t G1HeapRegionSize                         = 2097152                                   {product} {ergonomic}
    uintx GCDrainStackTargetSize                   = 64                                        {product} {ergonomic}
   size_t InitialHeapSize                          = 257949696                                 {product} {ergonomic}
     bool ManagementServer                         = true                                      {product} {command line}
   size_t MarkStackSize                            = 4194304                                   {product} {ergonomic}
   size_t MaxHeapSize                              = 4097835008                                {product} {ergonomic}
   size_t MaxNewSize                               = 2457862144                                {product} {ergonomic}
   size_t MinHeapDeltaBytes                        = 2097152                                   {product} {ergonomic}
   size_t MinHeapSize                              = 8388608                                   {product} {ergonomic}
    uintx NonProfiledCodeHeapSize                  = 0                                      {pd product} {ergonomic}
     bool ProfileInterpreter                       = false                                  {pd product} {command line}
    uintx ProfiledCodeHeapSize                     = 0                                      {pd product} {ergonomic}
   size_t SoftMaxHeapSize                          = 4097835008                             {manageable} {ergonomic}
     intx TieredStopAtLevel                        = 1                                         {product} {command line}
     bool UseCompressedClassPointers               = true                           {product lp64_product} {ergonomic}
     bool UseCompressedOops                        = true                           {product lp64_product} {ergonomic}
     bool UseG1GC                                  = true                                      {product} {ergonomic}
     bool UseLargePagesIndividualAllocation        = false                                  {pd product} {ergonomic}

Logging:
Log output configuration:
 #0: stdout all=warning uptime,level,tags
 #1: stderr all=off uptime,level,tags

Environment Variables:
JAVA_HOME=C:\Program Files\Java\jdk-17
PATH=C:\Windows\system32;C:\Windows;C:\Windows\System32\Wbem;C:\Windows\System32\WindowsPowerShell\v1.0\;C:\Windows\System32\OpenSSH\;C:\Program Files (x86)\NVIDIA Corporation\PhysX\Common;C:\Program Files\NVIDIA Corporation\NVIDIA NvDLISR;C:\WINDOWS\system32;C:\WINDOWS;C:\WINDOWS\System32\Wbem;C:\WINDOWS\System32\WindowsPowerShell\v1.0\;C:\WINDOWS\System32\OpenSSH\;C:\Program Files\dotnet\;C:\Program Files\Git\cmd;C:\Program Files\Java\jdk-17\bin;C:\Program Files\Maven\apache-maven-3.9.6\bin;C:\Program Files\Common Files\Oracle\Java\javapath;C:\Program Files (x86)\Common Files\Oracle\Java\javapath;C:\Users\Luza3\AppData\Local\Microsoft\WindowsApps;C:\Users\Luza3\AppData\Local\Programs\Microsoft VS Code\bin;C:\MinGW\bin;;C:\ghcup\bin;C:\Program Files\JetBrains\IntelliJ IDEA 2023.3.2\bin;
USERNAME=Luza3
OS=Windows_NT
PROCESSOR_IDENTIFIER=AMD64 Family 25 Model 68 Stepping 1, AuthenticAMD



---------------  S Y S T E M  ---------------

OS:
 Windows 11 , 64 bit Build 22621 (10.0.22621.3085)
OS uptime: 6 days 2:11 hours
Hyper-V role detected

CPU: total 16 (initial active 16) (16 cores per cpu, 2 threads per core) family 25 model 68 stepping 1 microcode 0x0, cx8, cmov, fxsr, ht, mmx, 3dnowpref, sse, sse2, sse3, ssse3, sse4a, sse4.1, sse4.2, popcnt, lzcnt, tsc, tscinvbit, avx, avx2, aes, erms, clmul, bmi1, bmi2, adx, sha, fma, vzeroupper, clflush, clflushopt, hv

Memory: 4k page, system-wide physical 15628M (3001M free)
TotalPageFile size 62732M (AvailPageFile size 4M)
current process WorkingSet (physical memory assigned to process): 160M, peak: 160M
current process commit charge ("private bytes"): 384M, peak: 384M

vm_info: Java HotSpot(TM) 64-Bit Server VM (17.0.9+11-LTS-201) for windows-amd64 JRE (17.0.9+11-LTS-201), built on Oct 10 2023 23:16:06 by "mach5one" with MS VC++ 17.1 (VS2022)

END.
